\BOOKMARK [0][-]{chapter.1}{Introduction}{}% 1
\BOOKMARK [-1][-]{part.1}{I Backgroud and Related Work}{}% 2
\BOOKMARK [0][-]{chapter.2}{Introduction to Cryptography}{part.1}% 3
\BOOKMARK [1][-]{section.2.1}{Symmetric and Asymmetric Encryptions}{chapter.2}% 4
\BOOKMARK [1][-]{section.2.2}{Block Ciphers}{chapter.2}% 5
\BOOKMARK [2][-]{subsection.2.2.1}{Substitution Ciphers}{section.2.2}% 6
\BOOKMARK [2][-]{subsection.2.2.2}{Transposition Systems}{section.2.2}% 7
\BOOKMARK [2][-]{subsection.2.2.3}{Product Ciphers}{section.2.2}% 8
\BOOKMARK [2][-]{subsection.2.2.4}{Courtois Toy Cipher}{section.2.2}% 9
\BOOKMARK [0][-]{chapter.3}{Cryptanalysis of Block Ciphers}{part.1}% 10
\BOOKMARK [1][-]{section.3.1}{Classification of Attacks}{chapter.3}% 11
\BOOKMARK [1][-]{section.3.2}{Brute-force Attacks}{chapter.3}% 12
\BOOKMARK [1][-]{section.3.3}{Linear Cryptanalysis}{chapter.3}% 13
\BOOKMARK [1][-]{section.3.4}{Differential Cryptanalysis}{chapter.3}% 14
\BOOKMARK [1][-]{section.3.5}{Algebraic Attacks}{chapter.3}% 15
\BOOKMARK [2][-]{subsection.3.5.1}{Algebraic Attacks Solving Stage}{section.3.5}% 16
\BOOKMARK [2][-]{subsection.3.5.2}{Connection with other Cryptanalysis Techniques}{section.3.5}% 17
\BOOKMARK [2][-]{subsection.3.5.3}{On Complexity of Algebraic Attacks}{section.3.5}% 18
\BOOKMARK [2][-]{subsection.3.5.4}{Algebraic Complexity Reduction}{section.3.5}% 19
\BOOKMARK [1][-]{section.3.6}{Cryptanlysis of GOST Block Cipher}{chapter.3}% 20
\BOOKMARK [2][-]{subsection.3.6.1}{GOST And ISO Standardisation.}{section.3.6}% 21
\BOOKMARK [2][-]{subsection.3.6.2}{Cryptanalysis of GOST}{section.3.6}% 22
\BOOKMARK [2][-]{subsection.3.6.3}{The Internal Structure of GOST}{section.3.6}% 23
\BOOKMARK [1][-]{section.3.7}{Cryptanalysis of SIMON Block Cipher}{chapter.3}% 24
\BOOKMARK [2][-]{subsection.3.7.1}{SIMON Structure}{section.3.7}% 25
\BOOKMARK [2][-]{subsection.3.7.2}{Key Schedule}{section.3.7}% 26
\BOOKMARK [1][-]{section.3.8}{Summary}{chapter.3}% 27
\BOOKMARK [0][-]{chapter.4}{Introduction to Elliptic Curves}{part.1}% 28
\BOOKMARK [1][-]{section.4.1}{Mathematical Foundations}{chapter.4}% 29
\BOOKMARK [1][-]{section.4.2}{Elliptic Curves}{chapter.4}% 30
\BOOKMARK [2][-]{subsection.4.2.1}{Elliptic Curves Over Fp}{section.4.2}% 31
\BOOKMARK [2][-]{subsection.4.2.2}{Binary Elliptic Curves}{section.4.2}% 32
\BOOKMARK [1][-]{section.4.3}{Point Arithmetic}{chapter.4}% 33
\BOOKMARK [1][-]{section.4.4}{ECDLP}{chapter.4}% 34
\BOOKMARK [1][-]{section.4.5}{An Interesting Research Question - Semaev Cipher}{chapter.4}% 35
\BOOKMARK [2][-]{subsection.4.5.1}{Summation Polynomials}{section.4.5}% 36
\BOOKMARK [2][-]{subsection.4.5.2}{Solving Semaev Equations with Extra Variables}{section.4.5}% 37
\BOOKMARK [1][-]{section.4.6}{Elliptic Curve in Cryptography}{chapter.4}% 38
\BOOKMARK [2][-]{subsection.4.6.1}{Domain Parameters}{section.4.6}% 39
\BOOKMARK [2][-]{subsection.4.6.2}{Key Pair Generation}{section.4.6}% 40
\BOOKMARK [2][-]{subsection.4.6.3}{Elliptic Curve Digital Signature Algorithm}{section.4.6}% 41
\BOOKMARK [1][-]{section.4.7}{Bitcoin and Brain Wallet Attacks}{chapter.4}% 42
\BOOKMARK [1][-]{section.4.8}{Bitcoin Elliptic Curve}{chapter.4}% 43
\BOOKMARK [1][-]{section.4.9}{Brain Wallets}{chapter.4}% 44
\BOOKMARK [2][-]{subsection.4.9.1}{Related Work}{section.4.9}% 45
\BOOKMARK [-1][-]{part.2}{II The Path to Better Software Algebraic Cryptanalysis}{}% 46
\BOOKMARK [0][-]{chapter.5}{Contradiction Immunity and Application to GOST}{part.2}% 47
\BOOKMARK [1][-]{section.5.1}{Contradiction Immunity and SAT Immunity}{chapter.5}% 48
\BOOKMARK [2][-]{subsection.5.1.1}{Software Algebraic Attack with SAT Solver}{section.5.1}% 49
\BOOKMARK [2][-]{subsection.5.1.2}{Contradiction Immunity and SAT Immunity}{section.5.1}% 50
\BOOKMARK [2][-]{subsection.5.1.3}{Applications of UNSAT/SAT Immunities}{section.5.1}% 51
\BOOKMARK [1][-]{section.5.2}{Applying SAT/UNSAT Immunity to GOST and DES}{chapter.5}% 52
\BOOKMARK [2][-]{subsection.5.2.1}{Application to DES}{section.5.2}% 53
\BOOKMARK [2][-]{subsection.5.2.2}{Contradiction Immunity of GOST}{section.5.2}% 54
\BOOKMARK [2][-]{subsection.5.2.3}{SAT Immunity of GOST}{section.5.2}% 55
\BOOKMARK [2][-]{subsection.5.2.4}{Low Data Complexity Meet-In-The-Middle Attack for 8 Rounds GOST}{section.5.2}% 56
\BOOKMARK [1][-]{section.5.3}{Conclution}{chapter.5}% 57
\BOOKMARK [0][-]{chapter.6}{Algebraic Cryptanalysis of Simon}{part.2}% 58
\BOOKMARK [1][-]{section.6.1}{How to Write Simon Equations}{chapter.6}% 59
\BOOKMARK [1][-]{section.6.2}{Differential-Algebraic Cryptanalysis of Simon}{chapter.6}% 60
\BOOKMARK [1][-]{section.6.3}{Algebraic Attacks experiments and results}{chapter.6}% 61
\BOOKMARK [2][-]{subsection.6.3.1}{Experiments with 2 P/C pairs}{section.6.3}% 62
\BOOKMARK [2][-]{subsection.6.3.2}{Experiments with more P/C pairs}{section.6.3}% 63
\BOOKMARK [2][-]{subsection.6.3.3}{ElimLin Results}{section.6.3}% 64
\BOOKMARK [1][-]{section.6.4}{Conclusion}{chapter.6}% 65
\BOOKMARK [0][-]{chapter.7}{Re-Designing Algebraic Attacks Beyond ElimLin}{part.2}% 66
\BOOKMARK [1][-]{section.7.1}{ElimLin Overview}{chapter.7}% 67
\BOOKMARK [2][-]{subsection.7.1.1}{Phase transitions}{section.7.1}% 68
\BOOKMARK [1][-]{section.7.2}{How to Predict the Success of ElimLin}{chapter.7}% 69
\BOOKMARK [2][-]{subsection.7.2.1}{Experimental Setup and Notation}{section.7.2}% 70
\BOOKMARK [1][-]{section.7.3}{The Big Picture}{chapter.7}% 71
\BOOKMARK [2][-]{subsection.7.3.1}{On Growth Rate in ElimLin}{section.7.3}% 72
\BOOKMARK [2][-]{subsection.7.3.2}{Deep Inspection}{section.7.3}% 73
\BOOKMARK [1][-]{section.7.4}{Known Plaintext vs Chosen Plaintext}{chapter.7}% 74
\BOOKMARK [1][-]{section.7.5}{Equations In ElimLin vs. Direct Approximation}{chapter.7}% 75
\BOOKMARK [2][-]{subsection.7.5.1}{Polynomial Approximation in Practice}{section.7.5}% 76
\BOOKMARK [2][-]{subsection.7.5.2}{ElimLin+}{section.7.5}% 77
\BOOKMARK [1][-]{section.7.6}{Conclusion}{chapter.7}% 78
\BOOKMARK [-1][-]{part.3}{III Speed Optimisation for Bitcoin Brain Wallet Attacks}{}% 79
\BOOKMARK [0][-]{chapter.8}{Improving Brain Wallet Attacks}{part.3}% 80
\BOOKMARK [1][-]{section.8.1}{Bitcoin Elliptic Curve Implementation and Benchmarking}{chapter.8}% 81
\BOOKMARK [2][-]{subsection.8.1.1}{Dedicated Scalar Multiplication Method}{section.8.1}% 82
\BOOKMARK [2][-]{subsection.8.1.2}{Point Representation}{section.8.1}% 83
\BOOKMARK [1][-]{section.8.2}{On Cracked Brain Wallets}{chapter.8}% 84
\BOOKMARK [2][-]{subsection.8.2.1}{Network Stress Test}{section.8.2}% 85
\BOOKMARK [2][-]{subsection.8.2.2}{Disclosure of Results}{section.8.2}% 86
\BOOKMARK [1][-]{section.8.3}{Summary}{chapter.8}% 87
\BOOKMARK [0][-]{chapter.9}{Conclusion}{part.3}% 88
\BOOKMARK [0][-]{chapter.9}{Appendices}{part.3}% 89
\BOOKMARK [0][-]{appendix.A}{Full Instruction for ElimLin Prediction Experiments}{part.3}% 90
\BOOKMARK [0][-]{appendix.B}{Java Tool for Deep Inspection of ElimLin}{part.3}% 91
\BOOKMARK [0][-]{appendix.C}{Examples of Cracked Brainwallet Passwords}{part.3}% 92
\BOOKMARK [0][-]{Item.75}{Bibliography}{part.3}% 93
