This is pdfTeX, Version 3.14159265-2.6-1.40.17 (TeX Live 2016) (preloaded format=pdflatex 2016.10.15)  29 AUG 2018 16:46
entering extended mode
 restricted \write18 enabled.
 %&-line parsing enabled.
**Main.tex
(./Main.tex
LaTeX2e <2016/03/31>
Babel <3.9r> and hyphenation patterns for 83 language(s) loaded.
(/usr/local/texlive/2016/texmf-dist/tex/latex/nag/nag.sty
Package: nag 2011/11/25 0.7 warning about old commands (ulmi)
\c@nag@c=\count79
\c@nag@sins=\count80
Package nag Info: Loaded nag-l2tabu.cfg  on input line 552.

(/usr/local/texlive/2016/texmf-dist/tex/latex/nag/nag-l2tabu.cfg
File: nag-l2tabu.cfg 2010/05/17 v2.11 l2tabu rules for nag.sty (ulmi)
)
Package nag Info: Loaded nag-orthodox.cfg  on input line 552.

(/usr/local/texlive/2016/texmf-dist/tex/latex/nag/nag-orthodox.cfg
File: nag-orthodox.cfg 2006/04/19 v1.8 strict rules for nag.sty (ulmi)
))
(./ucl_thesis.cls
Document Class: ucl_thesis 2014/08/12 v1.6 UCL MRes/MPhil/PhD Thesis class
(/usr/local/texlive/2016/texmf-dist/tex/latex/base/book.cls
Document Class: book 2014/09/29 v1.4h Standard LaTeX document class
(/usr/local/texlive/2016/texmf-dist/tex/latex/base/bk12.clo
File: bk12.clo 2014/09/29 v1.4h Standard LaTeX file (size option)
)
\c@part=\count81
\c@chapter=\count82
\c@section=\count83
\c@subsection=\count84
\c@subsubsection=\count85
\c@paragraph=\count86
\c@subparagraph=\count87
\c@figure=\count88
\c@table=\count89
\abovecaptionskip=\skip41
\belowcaptionskip=\skip42
\bibindent=\dimen102
)
(/usr/local/texlive/2016/texmf-dist/tex/latex/psnfss/times.sty
Package: times 2005/04/12 PSNFSS-v9.2a (SPQR) 
)
(/usr/local/texlive/2016/texmf-dist/tex/latex/psnfss/mathptmx.sty
Package: mathptmx 2005/04/12 PSNFSS-v9.2a Times w/ Math, improved (SPQR, WaS) 
LaTeX Font Info:    Redeclaring symbol font `operators' on input line 28.
LaTeX Font Info:    Overwriting symbol font `operators' in version `normal'
(Font)                  OT1/cmr/m/n --> OT1/ztmcm/m/n on input line 28.
LaTeX Font Info:    Overwriting symbol font `operators' in version `bold'
(Font)                  OT1/cmr/bx/n --> OT1/ztmcm/m/n on input line 28.
LaTeX Font Info:    Redeclaring symbol font `letters' on input line 29.
LaTeX Font Info:    Overwriting symbol font `letters' in version `normal'
(Font)                  OML/cmm/m/it --> OML/ztmcm/m/it on input line 29.
LaTeX Font Info:    Overwriting symbol font `letters' in version `bold'
(Font)                  OML/cmm/b/it --> OML/ztmcm/m/it on input line 29.
LaTeX Font Info:    Redeclaring symbol font `symbols' on input line 30.
LaTeX Font Info:    Overwriting symbol font `symbols' in version `normal'
(Font)                  OMS/cmsy/m/n --> OMS/ztmcm/m/n on input line 30.
LaTeX Font Info:    Overwriting symbol font `symbols' in version `bold'
(Font)                  OMS/cmsy/b/n --> OMS/ztmcm/m/n on input line 30.
LaTeX Font Info:    Redeclaring symbol font `largesymbols' on input line 31.
LaTeX Font Info:    Overwriting symbol font `largesymbols' in version `normal'
(Font)                  OMX/cmex/m/n --> OMX/ztmcm/m/n on input line 31.
LaTeX Font Info:    Overwriting symbol font `largesymbols' in version `bold'
(Font)                  OMX/cmex/m/n --> OMX/ztmcm/m/n on input line 31.
\symbold=\mathgroup4
\symitalic=\mathgroup5
LaTeX Font Info:    Redeclaring math alphabet \mathbf on input line 34.
LaTeX Font Info:    Overwriting math alphabet `\mathbf' in version `normal'
(Font)                  OT1/cmr/bx/n --> OT1/ptm/bx/n on input line 34.
LaTeX Font Info:    Overwriting math alphabet `\mathbf' in version `bold'
(Font)                  OT1/cmr/bx/n --> OT1/ptm/bx/n on input line 34.
LaTeX Font Info:    Redeclaring math alphabet \mathit on input line 35.
LaTeX Font Info:    Overwriting math alphabet `\mathit' in version `normal'
(Font)                  OT1/cmr/m/it --> OT1/ptm/m/it on input line 35.
LaTeX Font Info:    Overwriting math alphabet `\mathit' in version `bold'
(Font)                  OT1/cmr/bx/it --> OT1/ptm/m/it on input line 35.
LaTeX Info: Redefining \hbar on input line 50.
))
(./MainPackages.tex
(/usr/local/texlive/2016/texmf-dist/tex/latex/blindtext/blindtext.sty
Package: blindtext 2012/01/06 V2.0 blindtext-Package

(/usr/local/texlive/2016/texmf-dist/tex/latex/tools/xspace.sty
Package: xspace 2014/10/28 v1.13 Space after command names (DPC,MH)
)
\c@blindtext=\count90
\c@Blindtext=\count91
\c@blind@countparstart=\count92
\blind@countxx=\count93
\blindtext@numBlindtext=\count94
\blind@countyy=\count95
\c@blindlist=\count96
\c@blindlistlevel=\count97
\c@blindlist@level=\count98
\blind@listitem=\count99
\c@blind@listcount=\count100
\c@blind@levelcount=\count101
\blind@mathformula=\count102
\blind@Mathformula=\count103
\c@blind@randomcount=\count104
\c@blind@randommax=\count105
\c@blind@pangramcount=\count106
\c@blind@pangrammax=\count107
)
(/usr/local/texlive/2016/texmf-dist/tex/latex/emptypage/emptypage.sty
Package: emptypage 2010/05/30 v1.2 Suppress page numbers and headings on empty 
pages
)
(/usr/local/texlive/2016/texmf-dist/tex/latex/graphics/graphicx.sty
Package: graphicx 2014/10/28 v1.0g Enhanced LaTeX Graphics (DPC,SPQR)

(/usr/local/texlive/2016/texmf-dist/tex/latex/graphics/keyval.sty
Package: keyval 2014/10/28 v1.15 key=value parser (DPC)
\KV@toks@=\toks14
)
(/usr/local/texlive/2016/texmf-dist/tex/latex/graphics/graphics.sty
Package: graphics 2016/05/09 v1.0r Standard LaTeX Graphics (DPC,SPQR)

(/usr/local/texlive/2016/texmf-dist/tex/latex/graphics/trig.sty
Package: trig 2016/01/03 v1.10 sin cos tan (DPC)
)
(/usr/local/texlive/2016/texmf-dist/tex/latex/graphics-cfg/graphics.cfg
File: graphics.cfg 2016/01/02 v1.10 sample graphics configuration
)
Package graphics Info: Driver file: pdftex.def on input line 96.

(/usr/local/texlive/2016/texmf-dist/tex/latex/pdftex-def/pdftex.def
File: pdftex.def 2011/05/27 v0.06d Graphics/color for pdfTeX

(/usr/local/texlive/2016/texmf-dist/tex/generic/oberdiek/infwarerr.sty
Package: infwarerr 2016/05/16 v1.4 Providing info/warning/error messages (HO)
)
(/usr/local/texlive/2016/texmf-dist/tex/generic/oberdiek/ltxcmds.sty
Package: ltxcmds 2016/05/16 v1.23 LaTeX kernel commands for general use (HO)
)
\Gread@gobject=\count108
))
\Gin@req@height=\dimen103
\Gin@req@width=\dimen104
)
(/usr/local/texlive/2016/texmf-dist/tex/latex/float/float.sty
Package: float 2001/11/08 v1.3d Float enhancements (AL)
\c@float@type=\count109
\float@exts=\toks15
\float@box=\box26
\@float@everytoks=\toks16
\@floatcapt=\box27
)
(/usr/local/texlive/2016/texmf-dist/tex/latex/amsmath/amsmath.sty
Package: amsmath 2016/03/10 v2.15b AMS math features
\@mathmargin=\skip43

For additional information on amsmath, use the `?' option.
(/usr/local/texlive/2016/texmf-dist/tex/latex/amsmath/amstext.sty
Package: amstext 2000/06/29 v2.01 AMS text

(/usr/local/texlive/2016/texmf-dist/tex/latex/amsmath/amsgen.sty
File: amsgen.sty 1999/11/30 v2.0 generic functions
\@emptytoks=\toks17
\ex@=\dimen105
))
(/usr/local/texlive/2016/texmf-dist/tex/latex/amsmath/amsbsy.sty
Package: amsbsy 1999/11/29 v1.2d Bold Symbols
\pmbraise@=\dimen106
)
(/usr/local/texlive/2016/texmf-dist/tex/latex/amsmath/amsopn.sty
Package: amsopn 2016/03/08 v2.02 operator names
)
\inf@bad=\count110
LaTeX Info: Redefining \frac on input line 199.
\uproot@=\count111
\leftroot@=\count112
LaTeX Info: Redefining \overline on input line 297.
\classnum@=\count113
\DOTSCASE@=\count114
LaTeX Info: Redefining \ldots on input line 394.
LaTeX Info: Redefining \dots on input line 397.
LaTeX Info: Redefining \cdots on input line 518.
\Mathstrutbox@=\box28
\strutbox@=\box29
\big@size=\dimen107
LaTeX Font Info:    Redeclaring font encoding OML on input line 634.
LaTeX Font Info:    Redeclaring font encoding OMS on input line 635.
\macc@depth=\count115
\c@MaxMatrixCols=\count116
\dotsspace@=\muskip10
\c@parentequation=\count117
\dspbrk@lvl=\count118
\tag@help=\toks18
\row@=\count119
\column@=\count120
\maxfields@=\count121
\andhelp@=\toks19
\eqnshift@=\dimen108
\alignsep@=\dimen109
\tagshift@=\dimen110
\tagwidth@=\dimen111
\totwidth@=\dimen112
\lineht@=\dimen113
\@envbody=\toks20
\multlinegap=\skip44
\multlinetaggap=\skip45
\mathdisplay@stack=\toks21
LaTeX Info: Redefining \[ on input line 2739.
LaTeX Info: Redefining \] on input line 2740.
)
(/usr/local/texlive/2016/texmf-dist/tex/latex/was/gensymb.sty
Package: gensymb 2003/07/02 v1.0 (WaS)
)
(/usr/local/texlive/2016/texmf-dist/tex/latex/base/textcomp.sty
Package: textcomp 2005/09/27 v1.99g Standard LaTeX package
Package textcomp Info: Sub-encoding information:
(textcomp)               5 = only ISO-Adobe without \textcurrency
(textcomp)               4 = 5 + \texteuro
(textcomp)               3 = 4 + \textohm
(textcomp)               2 = 3 + \textestimated + \textcurrency
(textcomp)               1 = TS1 - \textcircled - \t
(textcomp)               0 = TS1 (full)
(textcomp)             Font families with sub-encoding setting implement
(textcomp)             only a restricted character set as indicated.
(textcomp)             Family '?' is the default used for unknown fonts.
(textcomp)             See the documentation for details.
Package textcomp Info: Setting ? sub-encoding to TS1/1 on input line 79.

(/usr/local/texlive/2016/texmf-dist/tex/latex/base/ts1enc.def
File: ts1enc.def 2001/06/05 v3.0e (jk/car/fm) Standard LaTeX file
)
LaTeX Info: Redefining \oldstylenums on input line 334.
Package textcomp Info: Setting cmr sub-encoding to TS1/0 on input line 349.
Package textcomp Info: Setting cmss sub-encoding to TS1/0 on input line 350.
Package textcomp Info: Setting cmtt sub-encoding to TS1/0 on input line 351.
Package textcomp Info: Setting cmvtt sub-encoding to TS1/0 on input line 352.
Package textcomp Info: Setting cmbr sub-encoding to TS1/0 on input line 353.
Package textcomp Info: Setting cmtl sub-encoding to TS1/0 on input line 354.
Package textcomp Info: Setting ccr sub-encoding to TS1/0 on input line 355.
Package textcomp Info: Setting ptm sub-encoding to TS1/4 on input line 356.
Package textcomp Info: Setting pcr sub-encoding to TS1/4 on input line 357.
Package textcomp Info: Setting phv sub-encoding to TS1/4 on input line 358.
Package textcomp Info: Setting ppl sub-encoding to TS1/3 on input line 359.
Package textcomp Info: Setting pag sub-encoding to TS1/4 on input line 360.
Package textcomp Info: Setting pbk sub-encoding to TS1/4 on input line 361.
Package textcomp Info: Setting pnc sub-encoding to TS1/4 on input line 362.
Package textcomp Info: Setting pzc sub-encoding to TS1/4 on input line 363.
Package textcomp Info: Setting bch sub-encoding to TS1/4 on input line 364.
Package textcomp Info: Setting put sub-encoding to TS1/5 on input line 365.
Package textcomp Info: Setting uag sub-encoding to TS1/5 on input line 366.
Package textcomp Info: Setting ugq sub-encoding to TS1/5 on input line 367.
Package textcomp Info: Setting ul8 sub-encoding to TS1/4 on input line 368.
Package textcomp Info: Setting ul9 sub-encoding to TS1/4 on input line 369.
Package textcomp Info: Setting augie sub-encoding to TS1/5 on input line 370.
Package textcomp Info: Setting dayrom sub-encoding to TS1/3 on input line 371.
Package textcomp Info: Setting dayroms sub-encoding to TS1/3 on input line 372.

Package textcomp Info: Setting pxr sub-encoding to TS1/0 on input line 373.
Package textcomp Info: Setting pxss sub-encoding to TS1/0 on input line 374.
Package textcomp Info: Setting pxtt sub-encoding to TS1/0 on input line 375.
Package textcomp Info: Setting txr sub-encoding to TS1/0 on input line 376.
Package textcomp Info: Setting txss sub-encoding to TS1/0 on input line 377.
Package textcomp Info: Setting txtt sub-encoding to TS1/0 on input line 378.
Package textcomp Info: Setting lmr sub-encoding to TS1/0 on input line 379.
Package textcomp Info: Setting lmdh sub-encoding to TS1/0 on input line 380.
Package textcomp Info: Setting lmss sub-encoding to TS1/0 on input line 381.
Package textcomp Info: Setting lmssq sub-encoding to TS1/0 on input line 382.
Package textcomp Info: Setting lmvtt sub-encoding to TS1/0 on input line 383.
Package textcomp Info: Setting lmtt sub-encoding to TS1/0 on input line 384.
Package textcomp Info: Setting qhv sub-encoding to TS1/0 on input line 385.
Package textcomp Info: Setting qag sub-encoding to TS1/0 on input line 386.
Package textcomp Info: Setting qbk sub-encoding to TS1/0 on input line 387.
Package textcomp Info: Setting qcr sub-encoding to TS1/0 on input line 388.
Package textcomp Info: Setting qcs sub-encoding to TS1/0 on input line 389.
Package textcomp Info: Setting qpl sub-encoding to TS1/0 on input line 390.
Package textcomp Info: Setting qtm sub-encoding to TS1/0 on input line 391.
Package textcomp Info: Setting qzc sub-encoding to TS1/0 on input line 392.
Package textcomp Info: Setting qhvc sub-encoding to TS1/0 on input line 393.
Package textcomp Info: Setting futs sub-encoding to TS1/4 on input line 394.
Package textcomp Info: Setting futx sub-encoding to TS1/4 on input line 395.
Package textcomp Info: Setting futj sub-encoding to TS1/4 on input line 396.
Package textcomp Info: Setting hlh sub-encoding to TS1/3 on input line 397.
Package textcomp Info: Setting hls sub-encoding to TS1/3 on input line 398.
Package textcomp Info: Setting hlst sub-encoding to TS1/3 on input line 399.
Package textcomp Info: Setting hlct sub-encoding to TS1/5 on input line 400.
Package textcomp Info: Setting hlx sub-encoding to TS1/5 on input line 401.
Package textcomp Info: Setting hlce sub-encoding to TS1/5 on input line 402.
Package textcomp Info: Setting hlcn sub-encoding to TS1/5 on input line 403.
Package textcomp Info: Setting hlcw sub-encoding to TS1/5 on input line 404.
Package textcomp Info: Setting hlcf sub-encoding to TS1/5 on input line 405.
Package textcomp Info: Setting pplx sub-encoding to TS1/3 on input line 406.
Package textcomp Info: Setting pplj sub-encoding to TS1/3 on input line 407.
Package textcomp Info: Setting ptmx sub-encoding to TS1/4 on input line 408.
Package textcomp Info: Setting ptmj sub-encoding to TS1/4 on input line 409.
)
(/usr/local/texlive/2016/texmf-dist/tex/latex/setspace/setspace.sty
Package: setspace 2011/12/19 v6.7a set line spacing
)
(/usr/local/texlive/2016/texmf-dist/tex/latex/multirow/multirow.sty
\bigstrutjot=\dimen114
)
(/usr/local/texlive/2016/texmf-dist/tex/latex/natbib/bibentry.sty
Package: bibentry 2007/10/30 1.5 (PWD)
)
(/usr/local/texlive/2016/texmf-dist/tex/latex/caption/caption.sty
Package: caption 2016/02/21 v3.3-144 Customizing captions (AR)

(/usr/local/texlive/2016/texmf-dist/tex/latex/caption/caption3.sty
Package: caption3 2016/02/04 v1.7-139 caption3 kernel (AR)
Package caption3 Info: TeX engine: e-TeX on input line 67.
\captionmargin=\dimen115
\captionmargin@=\dimen116
\captionwidth=\dimen117
\caption@tempdima=\dimen118
\caption@indent=\dimen119
\caption@parindent=\dimen120
\caption@hangindent=\dimen121
)
\c@ContinuedFloat=\count122
Package caption Info: float package is loaded.
)
(/usr/local/texlive/2016/texmf-dist/tex/latex/etoolbox/etoolbox.sty
Package: etoolbox 2015/08/02 v2.2a e-TeX tools for LaTeX (JAW)
\etb@tempcnta=\count123
)
(/usr/local/texlive/2016/texmf-dist/tex/latex/paralist/paralist.sty
Package: paralist 2015/12/30 v2.5 Extended list environments
\pltopsep=\skip46
\plpartopsep=\skip47
\plitemsep=\skip48
\plparsep=\skip49
\pl@lab=\toks22
)
(/usr/local/texlive/2016/texmf-dist/tex/latex/amsfonts/amssymb.sty
Package: amssymb 2013/01/14 v3.01 AMS font symbols

(/usr/local/texlive/2016/texmf-dist/tex/latex/amsfonts/amsfonts.sty
Package: amsfonts 2013/01/14 v3.01 Basic AMSFonts support
\symAMSa=\mathgroup6
\symAMSb=\mathgroup7
LaTeX Font Info:    Overwriting math alphabet `\mathfrak' in version `bold'
(Font)                  U/euf/m/n --> U/euf/b/n on input line 106.
))
(/usr/local/texlive/2016/texmf-dist/tex/latex/amscls/amsthm.sty
Package: amsthm 2015/03/04 v2.20.2
\thm@style=\toks23
\thm@bodyfont=\toks24
\thm@headfont=\toks25
\thm@notefont=\toks26
\thm@headpunct=\toks27
\thm@preskip=\skip50
\thm@postskip=\skip51
\thm@headsep=\skip52
\dth@everypar=\toks28
)
(/usr/local/texlive/2016/texmf-dist/tex/latex/algorithms/algorithm.sty
Package: algorithm 2009/08/24 v0.1 Document Style `algorithm' - floating enviro
nment

(/usr/local/texlive/2016/texmf-dist/tex/latex/base/ifthen.sty
Package: ifthen 2014/09/29 v1.1c Standard LaTeX ifthen package (DPC)
)
\@float@every@algorithm=\toks29
\c@algorithm=\count124
)
(/usr/local/texlive/2016/texmf-dist/tex/latex/algorithms/algorithmic.sty
Package: algorithmic 2009/08/24 v0.1 Document Style `algorithmic'
\c@ALC@unique=\count125
\c@ALC@line=\count126
\c@ALC@rem=\count127
\c@ALC@depth=\count128
\ALC@tlm=\skip53
\algorithmicindent=\skip54
)
(/usr/local/texlive/2016/texmf-dist/tex/latex/url/url.sty
\Urlmuskip=\muskip11
Package: url 2013/09/16  ver 3.4  Verb mode for urls, etc.
)
(/usr/local/texlive/2016/texmf-dist/tex/latex/xcolor/xcolor.sty
Package: xcolor 2016/05/11 v2.12 LaTeX color extensions (UK)

(/usr/local/texlive/2016/texmf-dist/tex/latex/graphics-cfg/color.cfg
File: color.cfg 2016/01/02 v1.6 sample color configuration
)
Package xcolor Info: Driver file: pdftex.def on input line 225.

(/usr/local/texlive/2016/texmf-dist/tex/latex/colortbl/colortbl.sty
Package: colortbl 2012/02/13 v1.0a Color table columns (DPC)

(/usr/local/texlive/2016/texmf-dist/tex/latex/tools/array.sty
Package: array 2014/10/28 v2.4c Tabular extension package (FMi)
\col@sep=\dimen122
\extrarowheight=\dimen123
\NC@list=\toks30
\extratabsurround=\skip55
\backup@length=\skip56
)
\everycr=\toks31
\minrowclearance=\skip57
)
\rownum=\count129
Package xcolor Info: Model `cmy' substituted by `cmy0' on input line 1348.
Package xcolor Info: Model `hsb' substituted by `rgb' on input line 1352.
Package xcolor Info: Model `RGB' extended on input line 1364.
Package xcolor Info: Model `HTML' substituted by `rgb' on input line 1366.
Package xcolor Info: Model `Hsb' substituted by `hsb' on input line 1367.
Package xcolor Info: Model `tHsb' substituted by `hsb' on input line 1368.
Package xcolor Info: Model `HSB' substituted by `hsb' on input line 1369.
Package xcolor Info: Model `Gray' substituted by `gray' on input line 1370.
Package xcolor Info: Model `wave' substituted by `hsb' on input line 1371.
)
(/usr/local/texlive/2016/texmf-dist/tex/latex/oberdiek/pdflscape.sty
Package: pdflscape 2016/05/14 v0.11 Display of landscape pages in PDF (HO)

(/usr/local/texlive/2016/texmf-dist/tex/latex/graphics/lscape.sty
Package: lscape 2000/10/22 v3.01 Landscape Pages (DPC)
)
(/usr/local/texlive/2016/texmf-dist/tex/generic/oberdiek/ifpdf.sty
Package: ifpdf 2016/05/14 v3.1 Provides the ifpdf switch
)
Package pdflscape Info: Auto-detected driver: pdftex on input line 81.

(/usr/local/texlive/2016/texmf-dist/tex/generic/ifxetex/ifxetex.sty
Package: ifxetex 2010/09/12 v0.6 Provides ifxetex conditional
))
(/usr/local/texlive/2016/texmf-dist/tex/latex/rotating/rotating.sty
Package: rotating 2009/03/28 v2.16a rotated objects in LaTeX
\c@r@tfl@t=\count130
\rotFPtop=\skip58
\rotFPbot=\skip59
\rot@float@box=\box30
\rot@mess@toks=\toks32
)
(/usr/local/texlive/2016/texmf-dist/tex/latex/pgf/frontendlayer/tikz.sty
(/usr/local/texlive/2016/texmf-dist/tex/latex/pgf/basiclayer/pgf.sty
(/usr/local/texlive/2016/texmf-dist/tex/latex/pgf/utilities/pgfrcs.sty
(/usr/local/texlive/2016/texmf-dist/tex/generic/pgf/utilities/pgfutil-common.te
x
\pgfutil@everybye=\toks33
\pgfutil@tempdima=\dimen124
\pgfutil@tempdimb=\dimen125

(/usr/local/texlive/2016/texmf-dist/tex/generic/pgf/utilities/pgfutil-common-li
sts.tex))
(/usr/local/texlive/2016/texmf-dist/tex/generic/pgf/utilities/pgfutil-latex.def
\pgfutil@abb=\box31
(/usr/local/texlive/2016/texmf-dist/tex/latex/ms/everyshi.sty
Package: everyshi 2001/05/15 v3.00 EveryShipout Package (MS)
))
(/usr/local/texlive/2016/texmf-dist/tex/generic/pgf/utilities/pgfrcs.code.tex
Package: pgfrcs 2015/08/07 v3.0.1a (rcs-revision 1.31)
))
Package: pgf 2015/08/07 v3.0.1a (rcs-revision 1.15)
(/usr/local/texlive/2016/texmf-dist/tex/latex/pgf/basiclayer/pgfcore.sty
(/usr/local/texlive/2016/texmf-dist/tex/latex/pgf/systemlayer/pgfsys.sty
(/usr/local/texlive/2016/texmf-dist/tex/generic/pgf/systemlayer/pgfsys.code.tex
Package: pgfsys 2014/07/09 v3.0.1a (rcs-revision 1.48)
(/usr/local/texlive/2016/texmf-dist/tex/generic/pgf/utilities/pgfkeys.code.tex
\pgfkeys@pathtoks=\toks34
\pgfkeys@temptoks=\toks35

(/usr/local/texlive/2016/texmf-dist/tex/generic/pgf/utilities/pgfkeysfiltered.c
ode.tex
\pgfkeys@tmptoks=\toks36
))
\pgf@x=\dimen126
\pgf@y=\dimen127
\pgf@xa=\dimen128
\pgf@ya=\dimen129
\pgf@xb=\dimen130
\pgf@yb=\dimen131
\pgf@xc=\dimen132
\pgf@yc=\dimen133
\w@pgf@writea=\write3
\r@pgf@reada=\read1
\c@pgf@counta=\count131
\c@pgf@countb=\count132
\c@pgf@countc=\count133
\c@pgf@countd=\count134
\t@pgf@toka=\toks37
\t@pgf@tokb=\toks38
\t@pgf@tokc=\toks39

(/usr/local/texlive/2016/texmf-dist/tex/generic/pgf/systemlayer/pgf.cfg
File: pgf.cfg 2008/05/14  (rcs-revision 1.7)
)
Driver file for pgf: pgfsys-pdftex.def

(/usr/local/texlive/2016/texmf-dist/tex/generic/pgf/systemlayer/pgfsys-pdftex.d
ef
File: pgfsys-pdftex.def 2014/10/11  (rcs-revision 1.35)

(/usr/local/texlive/2016/texmf-dist/tex/generic/pgf/systemlayer/pgfsys-common-p
df.def
File: pgfsys-common-pdf.def 2013/10/10  (rcs-revision 1.13)
)))
(/usr/local/texlive/2016/texmf-dist/tex/generic/pgf/systemlayer/pgfsyssoftpath.
code.tex
File: pgfsyssoftpath.code.tex 2013/09/09  (rcs-revision 1.9)
\pgfsyssoftpath@smallbuffer@items=\count135
\pgfsyssoftpath@bigbuffer@items=\count136
)
(/usr/local/texlive/2016/texmf-dist/tex/generic/pgf/systemlayer/pgfsysprotocol.
code.tex
File: pgfsysprotocol.code.tex 2006/10/16  (rcs-revision 1.4)
))
(/usr/local/texlive/2016/texmf-dist/tex/generic/pgf/basiclayer/pgfcore.code.tex
Package: pgfcore 2010/04/11 v3.0.1a (rcs-revision 1.7)
(/usr/local/texlive/2016/texmf-dist/tex/generic/pgf/math/pgfmath.code.tex
(/usr/local/texlive/2016/texmf-dist/tex/generic/pgf/math/pgfmathcalc.code.tex
(/usr/local/texlive/2016/texmf-dist/tex/generic/pgf/math/pgfmathutil.code.tex)
(/usr/local/texlive/2016/texmf-dist/tex/generic/pgf/math/pgfmathparser.code.tex
\pgfmath@dimen=\dimen134
\pgfmath@count=\count137
\pgfmath@box=\box32
\pgfmath@toks=\toks40
\pgfmath@stack@operand=\toks41
\pgfmath@stack@operation=\toks42
)
(/usr/local/texlive/2016/texmf-dist/tex/generic/pgf/math/pgfmathfunctions.code.
tex
(/usr/local/texlive/2016/texmf-dist/tex/generic/pgf/math/pgfmathfunctions.basic
.code.tex)
(/usr/local/texlive/2016/texmf-dist/tex/generic/pgf/math/pgfmathfunctions.trigo
nometric.code.tex)
(/usr/local/texlive/2016/texmf-dist/tex/generic/pgf/math/pgfmathfunctions.rando
m.code.tex)
(/usr/local/texlive/2016/texmf-dist/tex/generic/pgf/math/pgfmathfunctions.compa
rison.code.tex)
(/usr/local/texlive/2016/texmf-dist/tex/generic/pgf/math/pgfmathfunctions.base.
code.tex)
(/usr/local/texlive/2016/texmf-dist/tex/generic/pgf/math/pgfmathfunctions.round
.code.tex)
(/usr/local/texlive/2016/texmf-dist/tex/generic/pgf/math/pgfmathfunctions.misc.
code.tex)
(/usr/local/texlive/2016/texmf-dist/tex/generic/pgf/math/pgfmathfunctions.integ
erarithmetics.code.tex)))
(/usr/local/texlive/2016/texmf-dist/tex/generic/pgf/math/pgfmathfloat.code.tex
\c@pgfmathroundto@lastzeros=\count138
))
(/usr/local/texlive/2016/texmf-dist/tex/generic/pgf/basiclayer/pgfcorepoints.co
de.tex
File: pgfcorepoints.code.tex 2013/10/07  (rcs-revision 1.27)
\pgf@picminx=\dimen135
\pgf@picmaxx=\dimen136
\pgf@picminy=\dimen137
\pgf@picmaxy=\dimen138
\pgf@pathminx=\dimen139
\pgf@pathmaxx=\dimen140
\pgf@pathminy=\dimen141
\pgf@pathmaxy=\dimen142
\pgf@xx=\dimen143
\pgf@xy=\dimen144
\pgf@yx=\dimen145
\pgf@yy=\dimen146
\pgf@zx=\dimen147
\pgf@zy=\dimen148
)
(/usr/local/texlive/2016/texmf-dist/tex/generic/pgf/basiclayer/pgfcorepathconst
ruct.code.tex
File: pgfcorepathconstruct.code.tex 2013/10/07  (rcs-revision 1.29)
\pgf@path@lastx=\dimen149
\pgf@path@lasty=\dimen150
)
(/usr/local/texlive/2016/texmf-dist/tex/generic/pgf/basiclayer/pgfcorepathusage
.code.tex
File: pgfcorepathusage.code.tex 2014/11/02  (rcs-revision 1.24)
\pgf@shorten@end@additional=\dimen151
\pgf@shorten@start@additional=\dimen152
)
(/usr/local/texlive/2016/texmf-dist/tex/generic/pgf/basiclayer/pgfcorescopes.co
de.tex
File: pgfcorescopes.code.tex 2015/05/08  (rcs-revision 1.46)
\pgfpic=\box33
\pgf@hbox=\box34
\pgf@layerbox@main=\box35
\pgf@picture@serial@count=\count139
)
(/usr/local/texlive/2016/texmf-dist/tex/generic/pgf/basiclayer/pgfcoregraphicst
ate.code.tex
File: pgfcoregraphicstate.code.tex 2014/11/02  (rcs-revision 1.12)
\pgflinewidth=\dimen153
)
(/usr/local/texlive/2016/texmf-dist/tex/generic/pgf/basiclayer/pgfcoretransform
ations.code.tex
File: pgfcoretransformations.code.tex 2015/08/07  (rcs-revision 1.20)
\pgf@pt@x=\dimen154
\pgf@pt@y=\dimen155
\pgf@pt@temp=\dimen156
)
(/usr/local/texlive/2016/texmf-dist/tex/generic/pgf/basiclayer/pgfcorequick.cod
e.tex
File: pgfcorequick.code.tex 2008/10/09  (rcs-revision 1.3)
)
(/usr/local/texlive/2016/texmf-dist/tex/generic/pgf/basiclayer/pgfcoreobjects.c
ode.tex
File: pgfcoreobjects.code.tex 2006/10/11  (rcs-revision 1.2)
)
(/usr/local/texlive/2016/texmf-dist/tex/generic/pgf/basiclayer/pgfcorepathproce
ssing.code.tex
File: pgfcorepathprocessing.code.tex 2013/09/09  (rcs-revision 1.9)
)
(/usr/local/texlive/2016/texmf-dist/tex/generic/pgf/basiclayer/pgfcorearrows.co
de.tex
File: pgfcorearrows.code.tex 2015/05/14  (rcs-revision 1.43)
\pgfarrowsep=\dimen157
)
(/usr/local/texlive/2016/texmf-dist/tex/generic/pgf/basiclayer/pgfcoreshade.cod
e.tex
File: pgfcoreshade.code.tex 2013/07/15  (rcs-revision 1.15)
\pgf@max=\dimen158
\pgf@sys@shading@range@num=\count140
)
(/usr/local/texlive/2016/texmf-dist/tex/generic/pgf/basiclayer/pgfcoreimage.cod
e.tex
File: pgfcoreimage.code.tex 2013/07/15  (rcs-revision 1.18)

(/usr/local/texlive/2016/texmf-dist/tex/generic/pgf/basiclayer/pgfcoreexternal.
code.tex
File: pgfcoreexternal.code.tex 2014/07/09  (rcs-revision 1.21)
\pgfexternal@startupbox=\box36
))
(/usr/local/texlive/2016/texmf-dist/tex/generic/pgf/basiclayer/pgfcorelayers.co
de.tex
File: pgfcorelayers.code.tex 2013/07/18  (rcs-revision 1.7)
)
(/usr/local/texlive/2016/texmf-dist/tex/generic/pgf/basiclayer/pgfcoretranspare
ncy.code.tex
File: pgfcoretransparency.code.tex 2013/09/30  (rcs-revision 1.5)
)
(/usr/local/texlive/2016/texmf-dist/tex/generic/pgf/basiclayer/pgfcorepatterns.
code.tex
File: pgfcorepatterns.code.tex 2013/11/07  (rcs-revision 1.5)
)))
(/usr/local/texlive/2016/texmf-dist/tex/generic/pgf/modules/pgfmoduleshapes.cod
e.tex
File: pgfmoduleshapes.code.tex 2014/03/21  (rcs-revision 1.35)
\pgfnodeparttextbox=\box37
)
(/usr/local/texlive/2016/texmf-dist/tex/generic/pgf/modules/pgfmoduleplot.code.
tex
File: pgfmoduleplot.code.tex 2015/08/03  (rcs-revision 1.13)
)
(/usr/local/texlive/2016/texmf-dist/tex/latex/pgf/compatibility/pgfcomp-version
-0-65.sty
Package: pgfcomp-version-0-65 2007/07/03 v3.0.1a (rcs-revision 1.7)
\pgf@nodesepstart=\dimen159
\pgf@nodesepend=\dimen160
)
(/usr/local/texlive/2016/texmf-dist/tex/latex/pgf/compatibility/pgfcomp-version
-1-18.sty
Package: pgfcomp-version-1-18 2007/07/23 v3.0.1a (rcs-revision 1.1)
))
(/usr/local/texlive/2016/texmf-dist/tex/latex/pgf/utilities/pgffor.sty
(/usr/local/texlive/2016/texmf-dist/tex/latex/pgf/utilities/pgfkeys.sty
(/usr/local/texlive/2016/texmf-dist/tex/generic/pgf/utilities/pgfkeys.code.tex)
) (/usr/local/texlive/2016/texmf-dist/tex/latex/pgf/math/pgfmath.sty
(/usr/local/texlive/2016/texmf-dist/tex/generic/pgf/math/pgfmath.code.tex))
(/usr/local/texlive/2016/texmf-dist/tex/generic/pgf/utilities/pgffor.code.tex
Package: pgffor 2013/12/13 v3.0.1a (rcs-revision 1.25)

(/usr/local/texlive/2016/texmf-dist/tex/generic/pgf/math/pgfmath.code.tex)
\pgffor@iter=\dimen161
\pgffor@skip=\dimen162
\pgffor@stack=\toks43
\pgffor@toks=\toks44
))
(/usr/local/texlive/2016/texmf-dist/tex/generic/pgf/frontendlayer/tikz/tikz.cod
e.tex
Package: tikz 2015/08/07 v3.0.1a (rcs-revision 1.151)

(/usr/local/texlive/2016/texmf-dist/tex/generic/pgf/libraries/pgflibraryplothan
dlers.code.tex
File: pgflibraryplothandlers.code.tex 2013/08/31 v3.0.1a (rcs-revision 1.20)
\pgf@plot@mark@count=\count141
\pgfplotmarksize=\dimen163
)
\tikz@lastx=\dimen164
\tikz@lasty=\dimen165
\tikz@lastxsaved=\dimen166
\tikz@lastysaved=\dimen167
\tikzleveldistance=\dimen168
\tikzsiblingdistance=\dimen169
\tikz@figbox=\box38
\tikz@figbox@bg=\box39
\tikz@tempbox=\box40
\tikz@tempbox@bg=\box41
\tikztreelevel=\count142
\tikznumberofchildren=\count143
\tikznumberofcurrentchild=\count144
\tikz@fig@count=\count145

(/usr/local/texlive/2016/texmf-dist/tex/generic/pgf/modules/pgfmodulematrix.cod
e.tex
File: pgfmodulematrix.code.tex 2013/09/17  (rcs-revision 1.8)
\pgfmatrixcurrentrow=\count146
\pgfmatrixcurrentcolumn=\count147
\pgf@matrix@numberofcolumns=\count148
)
\tikz@expandcount=\count149

(/usr/local/texlive/2016/texmf-dist/tex/generic/pgf/frontendlayer/tikz/librarie
s/tikzlibrarytopaths.code.tex
File: tikzlibrarytopaths.code.tex 2008/06/17 v3.0.1a (rcs-revision 1.2)
)))
(/usr/local/texlive/2016/texmf-dist/tex/latex/tools/afterpage.sty
Package: afterpage 2014/10/28 v1.08 After-Page Package (DPC)
\AP@output=\toks45
\AP@partial=\box42
\AP@footins=\box43
)
\c@mydef=\count150
\c@fact=\count151
\c@myAssumption=\count152
\c@myequ=\count153
\c@parentnumber=\count154
\c@example=\count155
\c@lemma=\count156
LaTeX Font Info:    Try loading font information for OT1+ptm on input line 186.


(/usr/local/texlive/2016/texmf-dist/tex/latex/psnfss/ot1ptm.fd
File: ot1ptm.fd 2001/06/04 font definitions for OT1/ptm.
))
(./LinksAndMetadata.tex
(/usr/local/texlive/2016/texmf-dist/tex/latex/hyperref/hyperref.sty
Package: hyperref 2016/05/05 v6.83n Hypertext links for LaTeX

(/usr/local/texlive/2016/texmf-dist/tex/generic/oberdiek/hobsub-hyperref.sty
Package: hobsub-hyperref 2016/05/16 v1.14 Bundle oberdiek, subset hyperref (HO)


(/usr/local/texlive/2016/texmf-dist/tex/generic/oberdiek/hobsub-generic.sty
Package: hobsub-generic 2016/05/16 v1.14 Bundle oberdiek, subset generic (HO)
Package: hobsub 2016/05/16 v1.14 Construct package bundles (HO)
Package hobsub Info: Skipping package `infwarerr' (already loaded).
Package hobsub Info: Skipping package `ltxcmds' (already loaded).
Package: ifluatex 2016/05/16 v1.4 Provides the ifluatex switch (HO)
Package ifluatex Info: LuaTeX not detected.
Package: ifvtex 2016/05/16 v1.6 Detect VTeX and its facilities (HO)
Package ifvtex Info: VTeX not detected.
Package: intcalc 2016/05/16 v1.2 Expandable calculations with integers (HO)
Package hobsub Info: Skipping package `ifpdf' (already loaded).
Package: etexcmds 2016/05/16 v1.6 Avoid name clashes with e-TeX commands (HO)
Package etexcmds Info: Could not find \expanded.
(etexcmds)             That can mean that you are not using pdfTeX 1.50 or
(etexcmds)             that some package has redefined \expanded.
(etexcmds)             In the latter case, load this package earlier.
Package: kvsetkeys 2016/05/16 v1.17 Key value parser (HO)
Package: kvdefinekeys 2016/05/16 v1.4 Define keys (HO)
Package: pdftexcmds 2016/05/10 v0.21 Utility functions of pdfTeX for LuaTeX (HO
)
Package pdftexcmds Info: LuaTeX not detected.
Package pdftexcmds Info: \pdf@primitive is available.
Package pdftexcmds Info: \pdf@ifprimitive is available.
Package pdftexcmds Info: \pdfdraftmode found.
Package: pdfescape 2016/05/16 v1.14 Implements pdfTeX's escape features (HO)
Package: bigintcalc 2016/05/16 v1.4 Expandable calculations on big integers (HO
)
Package: bitset 2016/05/16 v1.2 Handle bit-vector datatype (HO)
Package: uniquecounter 2016/05/16 v1.3 Provide unlimited unique counter (HO)
)
Package hobsub Info: Skipping package `hobsub' (already loaded).
Package: letltxmacro 2016/05/16 v1.5 Let assignment for LaTeX macros (HO)
Package: hopatch 2016/05/16 v1.3 Wrapper for package hooks (HO)
Package: xcolor-patch 2016/05/16 xcolor patch
Package: atveryend 2016/05/16 v1.9 Hooks at the very end of document (HO)
Package: atbegshi 2016/05/16 v1.17 At begin shipout hook (HO)
Package: refcount 2016/05/16 v3.5 Data extraction from label references (HO)
Package: hycolor 2016/05/16 v1.8 Color options for hyperref/bookmark (HO)
)
(/usr/local/texlive/2016/texmf-dist/tex/latex/oberdiek/auxhook.sty
Package: auxhook 2016/05/16 v1.4 Hooks for auxiliary files (HO)
)
(/usr/local/texlive/2016/texmf-dist/tex/latex/oberdiek/kvoptions.sty
Package: kvoptions 2016/05/16 v3.12 Key value format for package options (HO)
)
\@linkdim=\dimen170
\Hy@linkcounter=\count157
\Hy@pagecounter=\count158

(/usr/local/texlive/2016/texmf-dist/tex/latex/hyperref/pd1enc.def
File: pd1enc.def 2016/05/05 v6.83n Hyperref: PDFDocEncoding definition (HO)
)
\Hy@SavedSpaceFactor=\count159

(/usr/local/texlive/2016/texmf-dist/tex/latex/latexconfig/hyperref.cfg
File: hyperref.cfg 2002/06/06 v1.2 hyperref configuration of TeXLive
)
Package hyperref Info: Hyper figures OFF on input line 4446.
Package hyperref Info: Link nesting OFF on input line 4451.
Package hyperref Info: Hyper index ON on input line 4454.
Package hyperref Info: Plain pages OFF on input line 4461.
Package hyperref Info: Backreferencing OFF on input line 4466.
Package hyperref Info: Implicit mode ON; LaTeX internals redefined.
Package hyperref Info: Bookmarks ON on input line 4691.
\c@Hy@tempcnt=\count160
LaTeX Info: Redefining \url on input line 5044.
\XeTeXLinkMargin=\dimen171
\Fld@menulength=\count161
\Field@Width=\dimen172
\Fld@charsize=\dimen173
Package hyperref Info: Hyper figures OFF on input line 6298.
Package hyperref Info: Link nesting OFF on input line 6303.
Package hyperref Info: Hyper index ON on input line 6306.
Package hyperref Info: backreferencing OFF on input line 6313.
Package hyperref Info: Link coloring OFF on input line 6318.
Package hyperref Info: Link coloring with OCG OFF on input line 6323.
Package hyperref Info: PDF/A mode OFF on input line 6328.
LaTeX Info: Redefining \ref on input line 6368.
LaTeX Info: Redefining \pageref on input line 6372.
\Hy@abspage=\count162
\c@Item=\count163
\c@Hfootnote=\count164
)

Package hyperref Message: Driver: hpdftex.

(/usr/local/texlive/2016/texmf-dist/tex/latex/hyperref/hpdftex.def
File: hpdftex.def 2016/05/05 v6.83n Hyperref driver for pdfTeX
\Fld@listcount=\count165
\c@bookmark@seq@number=\count166

(/usr/local/texlive/2016/texmf-dist/tex/latex/oberdiek/rerunfilecheck.sty
Package: rerunfilecheck 2016/05/16 v1.8 Rerun checks for auxiliary files (HO)
Package uniquecounter Info: New unique counter `rerunfilecheck' on input line 2
82.
)
\Hy@SectionHShift=\skip60
))
(./FloatSettings.tex) (./BibSettings.tex) (./Main.aux (./Preamble.aux)
(./Introduction.aux) (./Chapter2.aux) (./Chapter3.aux) (./Chapter4.aux)
(./Chapter5.aux) (./Chapter6.aux) (./Chapter7.aux) (./Conclusions.aux)
(./Appendices.aux))
\openout1 = `Main.aux'.

LaTeX Font Info:    Checking defaults for OML/cmm/m/it on input line 83.
LaTeX Font Info:    ... okay on input line 83.
LaTeX Font Info:    Checking defaults for T1/cmr/m/n on input line 83.
LaTeX Font Info:    ... okay on input line 83.
LaTeX Font Info:    Checking defaults for OT1/cmr/m/n on input line 83.
LaTeX Font Info:    ... okay on input line 83.
LaTeX Font Info:    Checking defaults for OMS/cmsy/m/n on input line 83.
LaTeX Font Info:    ... okay on input line 83.
LaTeX Font Info:    Checking defaults for OMX/cmex/m/n on input line 83.
LaTeX Font Info:    ... okay on input line 83.
LaTeX Font Info:    Checking defaults for U/cmr/m/n on input line 83.
LaTeX Font Info:    ... okay on input line 83.
LaTeX Font Info:    Checking defaults for TS1/cmr/m/n on input line 83.
LaTeX Font Info:    Try loading font information for TS1+cmr on input line 83.

(/usr/local/texlive/2016/texmf-dist/tex/latex/base/ts1cmr.fd
File: ts1cmr.fd 2014/09/29 v2.5h Standard LaTeX font definitions
)
LaTeX Font Info:    ... okay on input line 83.
LaTeX Font Info:    Checking defaults for PD1/pdf/m/n on input line 83.
LaTeX Font Info:    ... okay on input line 83.
Package nag Info: pgf.sty is broken: disabling dollar check on input line 83.
Package nag Info: Command \RaggedLeft not defined, skipping amendment on input 
line 83.
Package nag Info: Command \RaggedRight not defined, skipping amendment on input
 line 83.

(/usr/local/texlive/2016/texmf-dist/tex/context/base/mkii/supp-pdf.mkii
[Loading MPS to PDF converter (version 2006.09.02).]
\scratchcounter=\count167
\scratchdimen=\dimen174
\scratchbox=\box44
\nofMPsegments=\count168
\nofMParguments=\count169
\everyMPshowfont=\toks46
\MPscratchCnt=\count170
\MPscratchDim=\dimen175
\MPnumerator=\count171
\makeMPintoPDFobject=\count172
\everyMPtoPDFconversion=\toks47
) (/usr/local/texlive/2016/texmf-dist/tex/latex/oberdiek/epstopdf-base.sty
Package: epstopdf-base 2016/05/15 v2.6 Base part for package epstopdf

(/usr/local/texlive/2016/texmf-dist/tex/latex/oberdiek/grfext.sty
Package: grfext 2016/05/16 v1.2 Manage graphics extensions (HO)
)
Package grfext Info: Graphics extension search list:
(grfext)             [.png,.pdf,.jpg,.mps,.jpeg,.jbig2,.jb2,.PNG,.PDF,.JPG,.JPE
G,.JBIG2,.JB2,.eps]
(grfext)             \AppendGraphicsExtensions on input line 456.

(/usr/local/texlive/2016/texmf-dist/tex/latex/latexconfig/epstopdf-sys.cfg
File: epstopdf-sys.cfg 2010/07/13 v1.3 Configuration of (r)epstopdf for TeX Liv
e
))
\symgns@font=\mathgroup8
LaTeX Font Info:    Overwriting symbol font `gns@font' in version `bold'
(Font)                  TS1/ptm/m/n --> TS1/ptm/bx/n on input line 83.
Package gensymb Info: Math companion symbols declared on input line 83.
LaTeX Info: Redefining \degree on input line 83.
LaTeX Info: Redefining \celsius on input line 83.
Package gensymb Info: Using text companion symbols for \degree, \celsius and \p
erthousand on input line 83.
LaTeX Info: Redefining \ohm on input line 83.
Package gensymb Info: Using \textohm for \ohm on input line 83.
Package gensymb Info: Using \textmu for \micro on input line 83.
Package caption Info: Begin \AtBeginDocument code.
Package caption Info: hyperref package is loaded.
Package caption Info: rotating package is loaded.
Package caption Info: End \AtBeginDocument code.

ABD: EveryShipout initializing macros
\AtBeginShipoutBox=\box45
Package hyperref Info: Link coloring OFF on input line 83.

(/usr/local/texlive/2016/texmf-dist/tex/latex/hyperref/nameref.sty
Package: nameref 2012/10/27 v2.43 Cross-referencing by name of section

(/usr/local/texlive/2016/texmf-dist/tex/generic/oberdiek/gettitlestring.sty
Package: gettitlestring 2016/05/16 v1.5 Cleanup title references (HO)
)
\c@section@level=\count173
)
LaTeX Info: Redefining \ref on input line 83.
LaTeX Info: Redefining \pageref on input line 83.
LaTeX Info: Redefining \nameref on input line 83.

(./Main.out) (./Main.out)
\@outlinefile=\write4
\openout4 = `Main.out'.

Package nag Info: Command \captionabove not defined, skipping amendment on inpu
t line 83.
Package nag Info: Command \captionbelow not defined, skipping amendment on inpu
t line 83.
Package nag Info: Command \hc@caption not defined, skipping amendment on input 
line 83.
Package nag Info: Command \topcaption not defined, skipping amendment on input 
line 83.
 (./Main.bbl)
\openout2 = `Preamble.aux'.

 (./Preamble.tex
LaTeX Font Info:    Font shape `OT1/ptm/bx/n' in size <24.88> not available
(Font)              Font shape `OT1/ptm/b/n' tried instead on input line 2.
LaTeX Font Info:    Font shape `OT1/ptm/bx/n' in size <12> not available
(Font)              Font shape `OT1/ptm/b/n' tried instead on input line 2.
 [1


{/usr/local/texlive/2016/texmf-var/fonts/map/pdftex/updmap/pdftex.map}] [2

]
Underfull \vbox (badness 3312) has occurred while \output is active []

 [3


]

Package nag Warning: Command \bf is an old LaTeX 2.09 command. 
(nag)                Use \bfseries or \textbf instead on input line 15.

[4] [5

] (./Main.toc
LaTeX Font Info:    Font shape `OT1/ptm/bx/n' in size <14.4> not available
(Font)              Font shape `OT1/ptm/b/n' tried instead on input line 2.
LaTeX Font Info:    Try loading font information for OT1+ztmcm on input line 4.


(/usr/local/texlive/2016/texmf-dist/tex/latex/psnfss/ot1ztmcm.fd
File: ot1ztmcm.fd 2000/01/03 Fontinst v1.801 font definitions for OT1/ztmcm.
)
LaTeX Font Info:    Try loading font information for OML+ztmcm on input line 4.


(/usr/local/texlive/2016/texmf-dist/tex/latex/psnfss/omlztmcm.fd
File: omlztmcm.fd 2000/01/03 Fontinst v1.801 font definitions for OML/ztmcm.
)
LaTeX Font Info:    Try loading font information for OMS+ztmcm on input line 4.


(/usr/local/texlive/2016/texmf-dist/tex/latex/psnfss/omsztmcm.fd
File: omsztmcm.fd 2000/01/03 Fontinst v1.801 font definitions for OMS/ztmcm.
)
LaTeX Font Info:    Try loading font information for OMX+ztmcm on input line 4.


(/usr/local/texlive/2016/texmf-dist/tex/latex/psnfss/omxztmcm.fd
File: omxztmcm.fd 2000/01/03 Fontinst v1.801 font definitions for OMX/ztmcm.
)
LaTeX Font Info:    Font shape `OT1/ptm/bx/n' in size <9> not available
(Font)              Font shape `OT1/ptm/b/n' tried instead on input line 4.
LaTeX Font Info:    Font shape `OT1/ptm/bx/n' in size <7> not available
(Font)              Font shape `OT1/ptm/b/n' tried instead on input line 4.
LaTeX Font Info:    Try loading font information for TS1+ptm on input line 4.

(/usr/local/texlive/2016/texmf-dist/tex/latex/psnfss/ts1ptm.fd
File: ts1ptm.fd 2001/06/04 font definitions for TS1/ptm.
) [6

] [7]
[8])
\tf@toc=\write5
\openout5 = `Main.toc'.

 [9] (./Main.lof
Underfull \hbox (badness 3471) in paragraph at lines 16--16
 [][] [][]\OT1/ptm/m/n/12 Password strength com-par-i-son be-tween us-ing pass-
word and 
 []

[10

])
\tf@lof=\write6
\openout6 = `Main.lof'.

 [11] (./Main.lot)
\tf@lot=\write7
\openout7 = `Main.lot'.

) [12

] [13


]
LaTeX Font Info:    Try loading font information for OT1+pcr on input line 117.


(/usr/local/texlive/2016/texmf-dist/tex/latex/psnfss/ot1pcr.fd
File: ot1pcr.fd 2001/06/04 font definitions for OT1/pcr.
)
Underfull \hbox (badness 6608) in paragraph at lines 127--131
[]$\OT1/pcr/m/n/12 https : / / github . com / ryancdotorg / brainflayer$[] \OT1
/ptm/m/n/12 writ-ten by
 []


Overfull \hbox (8.43596pt too wide) in paragraph at lines 132--137
\OT1/pcr/m/n/12 drive . google . com / file / d / 0B0iephZbbC3uWERlanN5b3hJak0$
[]\OT1/ptm/m/n/12 . 
 []

[14

]
\openout2 = `Introduction.aux'.

 (./Introduction.tex
Chapter 1.
LaTeX Font Info:    Font shape `OT1/ptm/bx/n' in size <17.28> not available
(Font)              Font shape `OT1/ptm/b/n' tried instead on input line 1.

Underfull \vbox (badness 1902) has occurred while \output is active []

 [15


]
Missing character: There is no ‚ in font ptmr7t!
Missing character: There is no Ä in font ptmr7t!
Missing character: There is no ú in font ptmr7t!
Missing character: There is no ‚ in font ptmr7t!
Missing character: There is no Ä in font ptmr7t!
Missing character: There is no ù in font ptmr7t!

Underfull \vbox (badness 10000) has occurred while \output is active []

 [16]
[17]) [18]
\openout2 = `Chapter2.aux'.

 (./Chapter2.tex [19



]
Chapter 2.

Underfull \vbox (badness 1902) has occurred while \output is active []

 [20

]
[21] [22] <./pics/HybridEnc.png, id=704, 478.78876pt x 292.09125pt>
File: ./pics/HybridEnc.png Graphic file (type png)

<use ./pics/HybridEnc.png>
Package pdftex.def Info: ./pics/HybridEnc.png used on input line 41.
(pdftex.def)             Requested size: 227.62204pt x 138.86511pt.
LaTeX Font Info:    Font shape `OT1/ptm/bx/n' in size <10.95> not available
(Font)              Font shape `OT1/ptm/b/n' tried instead on input line 42.
 [23 <./pics/HybridEnc.png>]
LaTeX Font Info:    Font shape `OT1/ptm/bx/n' in size <10> not available
(Font)              Font shape `OT1/ptm/b/n' tried instead on input line 53.
LaTeX Font Info:    Font shape `OT1/ptm/bx/n' in size <7.4> not available
(Font)              Font shape `OT1/ptm/b/n' tried instead on input line 53.
LaTeX Font Info:    Font shape `OT1/ptm/bx/n' in size <6> not available
(Font)              Font shape `OT1/ptm/b/n' tried instead on input line 53.
 [24] [25]
LaTeX Font Info:    Font shape `OT1/ptm/bx/it' in size <12> not available
(Font)              Font shape `OT1/ptm/b/it' tried instead on input line 80.

<./pics/fofKW.png, id=744, 94.9146pt x 119.0046pt>
File: ./pics/fofKW.png Graphic file (type png)
 <use ./pics/fofKW.png>
Package pdftex.def Info: ./pics/fofKW.png used on input line 86.
(pdftex.def)             Requested size: 227.62204pt x 285.41707pt.

[26] [27 <./pics/fofKW.png>]) [28]
\openout2 = `Chapter3.aux'.

 (./Chapter3.tex
Chapter 3.
[29



] [30pdfTeX warning (ext4): destination with the same identifier (name{myAssump
tion.1}) has been already used, duplicate ignored

\@EveryShipout@Output ...@Org@Shipout \box \@cclv 
                                                  
l.47 
     pdfTeX warning (ext4): destination with the same identifier (name{myAssump
tion.2}) has been already used, duplicate ignored

\@EveryShipout@Output ...@Org@Shipout \box \@cclv 
                                                  
l.47 
     ]
Underfull \hbox (badness 1253) in paragraph at lines 52--53
[]\OT1/ptm/b/n/12 Known Plain-text At-tack\OT1/ptm/m/n/12 : The at-tacker ob-ta
ins a set of $\OML/ztmcm/m/it/12 s$ \OT1/ptm/m/n/12 plain-texts
 []

[31] [32] [33] [34]
Underfull \vbox (badness 2351) has occurred while \output is active []

 [35]
[36] [37] <./pics/ch3ACmodeling.png, id=923, 675.4836pt x 290.0436pt>
File: ./pics/ch3ACmodeling.png Graphic file (type png)

<use ./pics/ch3ACmodeling.png>
Package pdftex.def Info: ./pics/ch3ACmodeling.png used on input line 170.
(pdftex.def)             Requested size: 369.88582pt x 158.8252pt.
LaTeX Font Info:    Font shape `OT1/ptm/bx/n' in size <8> not available
(Font)              Font shape `OT1/ptm/b/n' tried instead on input line 171.
 [38] [39 <./pics/ch3ACmodeling.png>]
<./pics/block_cipher_topology2.png, id=951, 598.235pt x 655.44875pt>
File: ./pics/block_cipher_topology2.png Graphic file (type png)

<use ./pics/block_cipher_topology2.png>
Package pdftex.def Info: ./pics/block_cipher_topology2.png used on input line 1
84.
(pdftex.def)             Requested size: 369.88582pt x 405.26387pt.
 [40 <./pics/block_cipher_topology2.png>] [41]
Package hyperref Info: bookmark level for unknown algorithm defaults to 0 on in
put line 218.


LaTeX Warning: Command \O invalid in math mode on input line 222.

[42] [43] <./pics/ch3general.png, id=1051, 722.7pt x 464.937pt>
File: ./pics/ch3general.png Graphic file (type png)

<use ./pics/ch3general.png>
Package pdftex.def Info: ./pics/ch3general.png used on input line 248.
(pdftex.def)             Requested size: 369.88582pt x 237.95895pt.
 [44 <./pics/ch3general.png>] [45] [46] [47]
<./pics/gostfeist2.jpg, id=1133, 481.8pt x 481.8pt>
File: ./pics/gostfeist2.jpg Graphic file (type jpg)

<use ./pics/gostfeist2.jpg>
Package pdftex.def Info: ./pics/gostfeist2.jpg used on input line 371.
(pdftex.def)             Requested size: 227.62204pt x 227.62228pt.


LaTeX Warning: `h' float specifier changed to `ht'.

[48] [49 <./pics/gostfeist2.jpg>]
Underfull \vbox (badness 10000) has occurred while \output is active []

 [50]
[51] <./pics/SIMONroundfn-eps-converted-to.pdf, id=1211, 297.11pt x 212.795pt>
File: ./pics/SIMONroundfn-eps-converted-to.pdf Graphic file (type pdf)

<use ./pics/SIMONroundfn-eps-converted-to.pdf>
Package pdftex.def Info: ./pics/SIMONroundfn-eps-converted-to.pdf used on input
 line 484.
(pdftex.def)             Requested size: 341.43306pt x 244.54997pt.
 [52 <./pics/SIMONroundfn-eps-converted-to.pdf>]) [53]
\openout2 = `Chapter4.aux'.

 (./Chapter4.tex
Chapter 4.
[54



] [55]
Underfull \vbox (badness 10000) has occurred while \output is active []

 [56]

Package hyperref Warning: Token not allowed in a PDF string (PDFDocEncoding):
(hyperref)                removing `math shift' on input line 65.


Package hyperref Warning: Token not allowed in a PDF string (PDFDocEncoding):
(hyperref)                removing `subscript' on input line 65.


Package hyperref Warning: Token not allowed in a PDF string (PDFDocEncoding):
(hyperref)                removing `math shift' on input line 65.

[57]

Package nag Warning: There is no environment ``small''.
(nag)                Maybe you want a grouped \small  on input line 89.


Package nag Warning: There is no environment ``small''.
(nag)                Maybe you want a grouped \small  on input line 97.

<./pics/example_of_gf2m.png, id=1280, 418.56375pt x 414.54875pt>
File: ./pics/example_of_gf2m.png Graphic file (type png)

<use ./pics/example_of_gf2m.png>
Package pdftex.def Info: ./pics/example_of_gf2m.png used on input line 103.
(pdftex.def)             Requested size: 284.52756pt x 281.79453pt.


LaTeX Warning: `!h' float specifier changed to `!ht'.

<./pics/ecc_point_addition.png, id=1283, 301.125pt x 360.34625pt>
File: ./pics/ecc_point_addition.png Graphic file (type png)

<use ./pics/ecc_point_addition.png>
Package pdftex.def Info: ./pics/ecc_point_addition.png used on input line 113.
(pdftex.def)             Requested size: 184.9429pt x 221.32295pt.
 [58]

LaTeX Warning: `!h' float specifier changed to `!ht'.


Underfull \vbox (badness 10000) has occurred while \output is active []

 [59 <./pics/example_of_gf2m.png>]
<./pics/ecc_point_doubling.png, id=1298, 301.125pt x 396.48125pt>
File: ./pics/ecc_point_doubling.png Graphic file (type png)

<use ./pics/ecc_point_doubling.png>
Package pdftex.def Info: ./pics/ecc_point_doubling.png used on input line 126.
(pdftex.def)             Requested size: 184.9429pt x 243.51689pt.


LaTeX Warning: `!h' float specifier changed to `!ht'.

[60 <./pics/ecc_point_addition.png>]
Underfull \vbox (badness 10000) has occurred while \output is active []

 [61 <./pics/ecc_point_doubling.png>]
Missing character: There is no ‚ in font ptmr7t!
Missing character: There is no Ä in font ptmr7t!
Missing character: There is no ô in font ptmr7t!
 [62]

Package nag Warning: There is no environment ``small''.
(nag)                Maybe you want a grouped \small  on input line 181.


Package nag Warning: There is no environment ``small''.
(nag)                Maybe you want a grouped \small  on input line 188.


Underfull \hbox (badness 10000) in paragraph at lines 185--189

 []

[63]
Underfull \hbox (badness 10000) in paragraph at lines 208--209

 []

[64]
Underfull \vbox (badness 10000) has occurred while \output is active []

 [65]
Underfull \hbox (badness 4726) in paragraph at lines 266--267
\OT1/ptm/m/n/12 Elliptic curve cryp-tog-ra-phy (ECC) was in-de-pen-dently pro-p
osed by Neal
 []

[66]
Missing character: There is no ‚ in font ptmr7t!
Missing character: There is no Ä in font ptmr7t!
Missing character: There is no ì in font ptmr7t!
Missing character: There is no ‚ in font ptmr7t!
Missing character: There is no Ä in font ptmr7t!
Missing character: There is no ì in font ptmr7t!


Package nag Warning: There is no environment ``small''.
(nag)                Maybe you want a grouped \small  on input line 274.

[67] [68]
Underfull \vbox (badness 10000) has occurred while \output is active []

 [69]
[70]

Package nag Warning: There is no environment ``footnotesize''.
(nag)                Maybe you want a grouped \footnotesize  on input line 357.



Package nag Warning: There is no environment ``footnotesize''.
(nag)                Maybe you want a grouped \footnotesize  on input line 366.



Underfull \vbox (badness 2277) has occurred while \output is active []

 [71]

Package nag Warning: There is no environment ``footnotesize''.
(nag)                Maybe you want a grouped \footnotesize  on input line 371.



Underfull \hbox (badness 10000) in paragraph at lines 368--375

 []


Package nag Warning: There is no environment ``footnotesize''.
(nag)                Maybe you want a grouped \footnotesize  on input line 384.


[72] <./pics/brainwallet-password.png, id=1505, 1161.33875pt x 261.97874pt>
File: ./pics/brainwallet-password.png Graphic file (type png)

<use ./pics/brainwallet-password.png>
Package pdftex.def Info: ./pics/brainwallet-password.png used on input line 399
.
(pdftex.def)             Requested size: 398.33858pt x 89.85909pt.

<./pics/password_strength.png, id=1507, 668.4975pt x 542.92838pt>
File: ./pics/password_strength.png Graphic file (type png)

<use ./pics/password_strength.png>
Package pdftex.def Info: ./pics/password_strength.png used on input line 408.
(pdftex.def)             Requested size: 398.33858pt x 323.52275pt.


LaTeX Warning: `!h' float specifier changed to `!ht'.

[73 <./pics/brainwallet-password.png>]) [74 <./pics/password_strength.png>]
\openout2 = `Chapter5.aux'.


(./Chapter5.tex [75



]
Chapter 5.
[76

]

Package nag Warning: Command \bf is an old LaTeX 2.09 command. 
(nag)                Use \bfseries or \textbf instead on input line 28.


Package nag Warning: Command \bf is an old LaTeX 2.09 command. 
(nag)                Use \bfseries or \textbf instead on input line 34.


Package nag Warning: Command \bf is an old LaTeX 2.09 command. 
(nag)                Use \bfseries or \textbf instead on input line 50.

[77] [78]

Package nag Warning: Command \bf is an old LaTeX 2.09 command. 
(nag)                Use \bfseries or \textbf instead on input line 125.

[79]

Package nag Warning: Command \bf is an old LaTeX 2.09 command. 
(nag)                Use \bfseries or \textbf instead on input line 131.

[80] [81]

Package nag Warning: Command \bf is an old LaTeX 2.09 command. 
(nag)                Use \bfseries or \textbf instead on input line 191.

<./pics/gost81optimal4KP.jpg, id=1593, 361.35pt x 642.4pt>
File: ./pics/gost81optimal4KP.jpg Graphic file (type jpg)

<use ./pics/gost81optimal4KP.jpg>
Package pdftex.def Info: ./pics/gost81optimal4KP.jpg used on input line 197.
(pdftex.def)             Requested size: 170.71652pt x 303.4964pt.
 [82 <./pics/gost81optimal4KP.jpg>]
<./pics/gost81optimalSAT4KP.jpg, id=1604, 361.35pt x 642.4pt>
File: ./pics/gost81optimalSAT4KP.jpg Graphic file (type jpg)

<use ./pics/gost81optimalSAT4KP.jpg>
Package pdftex.def Info: ./pics/gost81optimalSAT4KP.jpg used on input line 237.

(pdftex.def)             Requested size: 170.71652pt x 303.4964pt.


LaTeX Warning: `!h' float specifier changed to `!ht'.

[83] [84 <./pics/gost81optimalSAT4KP.jpg>]) [85]
\openout2 = `Chapter6.aux'.

 (./Chapter6.tex
Chapter 6.
[86



]
Underfull \vbox (badness 8151) has occurred while \output is active []

 [87]
Underfull \vbox (badness 10000) has occurred while \output is active []

 [88]
[89] <./pics/three_scenarios2.jpg, id=1692, 180.675pt x 461.725pt>
File: ./pics/three_scenarios2.jpg Graphic file (type jpg)

<use ./pics/three_scenarios2.jpg>
Package pdftex.def Info: ./pics/three_scenarios2.jpg used on input line 111.
(pdftex.def)             Requested size: 170.71652pt x 436.27608pt.


LaTeX Warning: `!h' float specifier changed to `!ht'.

[90] [91 <./pics/three_scenarios2.jpg>]

Package nag Warning: There is no environment ``small''.
(nag)                Maybe you want a grouped \small  on input line 175.


Package nag Warning: There is no environment ``small''.
(nag)                Maybe you want a grouped \small  on input line 183.

[92] [93]
Overfull \hbox (52.55359pt too wide) in paragraph at lines 232--243
 [][] 
 []


Overfull \hbox (42.46043pt too wide) in paragraph at lines 257--270
 [][] 
 []


LaTeX Warning: `!h' float specifier changed to `!ht'.

[94] [95] [96]
Chapter 7.

Underfull \vbox (badness 2495) has occurred while \output is active []

 [97

]

Package nag Warning: Command \bf is an old LaTeX 2.09 command. 
(nag)                Use \bfseries or \textbf instead on input line 355.

[98] [99] [100] <./pics/Figure6-1.png, id=1804, 883.3pt x 576.1525pt>
File: ./pics/Figure6-1.png Graphic file (type png)

<use ./pics/Figure6-1.png>
Package pdftex.def Info: ./pics/Figure6-1.png used on input line 475.
(pdftex.def)             Requested size: 426.7961pt x 398.35445pt.

Overfull \hbox (28.45752pt too wide) in paragraph at lines 475--480
 [][] 
 []


LaTeX Warning: `!h' float specifier changed to `!ht'.

[101] <./pics/s1s2s3asK.png, id=1817, 529.98pt x 323.7696pt>
File: ./pics/s1s2s3asK.png Graphic file (type png)

<use ./pics/s1s2s3asK.png>
Package pdftex.def Info: ./pics/s1s2s3asK.png used on input line 503.
(pdftex.def)             Requested size: 455.24825pt x 398.35776pt.

Overfull \hbox (56.90967pt too wide) in paragraph at lines 503--507
 [][] 
 []

[102 <./pics/Figure6-1.png>]
<./pics/s4asK.png, id=1828, 739.0812pt x 465.4188pt>
File: ./pics/s4asK.png Graphic file (type png)
 <use ./pics/s4asK.png>
Package pdftex.def Info: ./pics/s4asK.png used on input line 517.
(pdftex.def)             Requested size: 426.79535pt x 341.43599pt.

Overfull \hbox (28.45677pt too wide) in paragraph at lines 517--520
 [][] 
 []


LaTeX Warning: `!h' float specifier changed to `!ht'.

[103 <./pics/s1s2s3asK.png>]
Underfull \vbox (badness 3108) has occurred while \output is active []

 [104 <./pics/s4asK.png>] <./pics/ElimLinDeep.png, id=1848, 638.385pt x 403.266
6pt>
File: ./pics/ElimLinDeep.png Graphic file (type png)

<use ./pics/ElimLinDeep.png>
Package pdftex.def Info: ./pics/ElimLinDeep.png used on input line 550.
(pdftex.def)             Requested size: 455.24408pt x 287.57657pt.

Overfull \hbox (56.9055pt too wide) in paragraph at lines 550--551
 [][] 
 []


LaTeX Warning: `!h' float specifier changed to `!ht'.


LaTeX Warning: `!h' float specifier changed to `!ht'.

[105]
Underfull \vbox (badness 10000) has occurred while \output is active []

 [106 <./pics/ElimLinDeep.png>]

LaTeX Warning: `!h' float specifier changed to `!ht'.


Underfull \vbox (badness 1072) has occurred while \output is active []

 [107]
[108] [109] [110] <./pics/ch6BigScreen.png, id=1896, 858.20625pt x 365.365pt>
File: ./pics/ch6BigScreen.png Graphic file (type png)

<use ./pics/ch6BigScreen.png>
Package pdftex.def Info: ./pics/ch6BigScreen.png used on input line 760.
(pdftex.def)             Requested size: 625.96156pt x 341.44728pt.


LaTeX Warning: `!h' float specifier changed to `!ht'.


Underfull \vbox (badness 1776) has occurred while \output is active []

 [111]

LaTeX Warning: Text page 112 contains only floats.

[112 <./pics/ch6BigScreen.png>] [113])
Underfull \vbox (badness 10000) has occurred while \output is active []

 [114]
[115]
\openout2 = `Chapter7.aux'.

 (./Chapter7.tex [116



]
Chapter 8.

Underfull \hbox (badness 7595) in paragraph at lines 6--6
[]\OT1/ptm/b/n/17.28 Bitcoin El-lip-tic Curve Im-ple-men-ta-tion and
 []

[117

]

Package nag Warning: There is no environment ``small''.
(nag)                Maybe you want a grouped \small  on input line 35.

[118] [119]
Overfull \hbox (26.12741pt too wide) in paragraph at lines 85--93
 [][] 
 []


Underfull \hbox (badness 10000) in paragraph at lines 95--95
[][][]\OT1/ptm/m/n/10 with the fol-low-ing con-fig-u-ra-tion: USE[]NUM[]GMP USE
[]FIELD[]10x26
 []

[120]

LaTeX Warning: No positions in optional float specifier.
               Default added (so using `tbp') on input line 100.


LaTeX Warning: `h' float specifier changed to `ht'.

[121]

Package nag Warning: There is no environment ``small''.
(nag)                Maybe you want a grouped \small  on input line 149.


Package nag Warning: There is no environment ``small''.
(nag)                Maybe you want a grouped \small  on input line 160.

[122]

Package nag Warning: There is no environment ``small''.
(nag)                Maybe you want a grouped \small  on input line 170.


Package nag Warning: There is no environment ``small''.
(nag)                Maybe you want a grouped \small  on input line 176.


Underfull \hbox (badness 10000) in paragraph at lines 183--185

 []


Underfull \vbox (badness 10000) has occurred while \output is active []

 [123]
[124]
Overfull \hbox (6.47171pt too wide) in paragraph at lines 227--241
 [][] 
 []

[125]
Underfull \hbox (badness 1888) in paragraph at lines 251--252
[]\OT1/ptm/m/n/12 We have col-lected all hash160 on blockchain data (un-til Jun
e 2015).
 []

[126] <./pics/tag_address.png, id=2078, 518.93875pt x 235.88126pt>
File: ./pics/tag_address.png Graphic file (type png)

<use ./pics/tag_address.png>
Package pdftex.def Info: ./pics/tag_address.png used on input line 262.
(pdftex.def)             Requested size: 284.52756pt x 129.33557pt.

Underfull \vbox (badness 10000) has occurred while \output is active []

 [127 <./pics/tag_address.png>]) [128]
\openout2 = `Conclusions.aux'.

 (./Conclusions.tex
Chapter 9.

Underfull \vbox (badness 1902) has occurred while \output is active []

 [129



]
Missing character: There is no ‚ in font ptmr7t!
Missing character: There is no Ä in font ptmr7t!
Missing character: There is no ì in font ptmr7t!
Missing character: There is no ‚ in font ptmr7t!
Missing character: There is no Ä in font ptmr7t!
Missing character: There is no ì in font ptmr7t!

Overfull \hbox (58.74939pt too wide) in paragraph at lines 15--18
[] 
 []

[130]) [131]
\openout2 = `Appendices.aux'.

 (./Appendices.tex
Appendix A.

Overfull \hbox (58.68677pt too wide) in paragraph at lines 11--14
\OT1/ptm/m/n/12 - Doc-u-men-ta-tion: sec-tion Si-mon in-side: http://www.crypto
system.net/aes/toyciphers.html 
 []


Overfull \hbox (58.03929pt too wide) in paragraph at lines 16--18
[]\OT1/ptm/b/n/12 cryptominisat-2.9.6-win64.exe \OT1/ptm/m/n/12 http://www.nico
lascourtois.com/software/cryptominisat-
 []


Overfull \hbox (6.79999pt too wide) in paragraph at lines 23--32
[] 
 []


Overfull \hbox (6.79999pt too wide) in paragraph at lines 33--42
[] 
 []

[132



] [133]
Appendix B.

Underfull \hbox (badness 1881) in paragraph at lines 88--94
\OT1/ptm/m/n/12 phers'', avail-able at []$\OT1/pcr/m/n/12 http : / / www . nico
lascourtois . com / software /
 []

[134

]
Appendix C.
LaTeX Font Info:    Try loading font information for OMS+ptm on input line 107.

(/usr/local/texlive/2016/texmf-dist/tex/latex/psnfss/omsptm.fd
File: omsptm.fd 
)
LaTeX Font Info:    Font shape `OMS/ptm/m/n' in size <12> not available
(Font)              Font shape `OMS/cmsy/m/n' tried instead on input line 107.
 [135

]) [136]
(./Main.bbl
Underfull \hbox (badness 10000) in paragraph at lines 27--32
[]\OT1/ptm/m/n/12 G. An-der-sen.  Why in-creas-ing the max block size
 []


Underfull \hbox (badness 10000) in paragraph at lines 27--32
\OT1/ptm/m/n/12 is ur-gent.  []$\OT1/pcr/m/n/12 http : / / gavinandresen . ninj
a /
 []

Missing character: There is no ‚ in font ptmr7t!
Missing character: There is no Ä in font ptmr7t!
Missing character: There is no î in font ptmr7t!
Missing character: There is no ‚ in font ptmr7t!
Missing character: There is no Ä in font ptmr7t!
Missing character: There is no î in font ptmr7t!
[137


]
Underfull \hbox (badness 1210) in paragraph at lines 82--85
[]\OT1/ptm/m/n/12 R. Beaulieu, D. Shors, J. Smith, S. Treatman-Clark, B. Weeks,
 and
 []

[138]
Missing character: There is no ‚ in font ptmri7t!
Missing character: There is no Ä in font ptmri7t!
Missing character: There is no î in font ptmri7t!
Missing character: There is no ‚ in font ptmri7t!
Missing character: There is no Ä in font ptmri7t!
Missing character: There is no ô in font ptmri7t!
Missing character: There is no ‚ in font ptmr7t!
Missing character: There is no Ä in font ptmr7t!
Missing character: There is no î in font ptmr7t!
Missing character: There is no ‚ in font ptmri7t!
Missing character: There is no Ä in font ptmri7t!
Missing character: There is no î in font ptmri7t!
 [139]
Missing character: There is no ‚ in font ptmri7t!
Missing character: There is no Ä in font ptmri7t!
Missing character: There is no ô in font ptmri7t!

Underfull \hbox (badness 1824) in paragraph at lines 206--212
[]\OT1/ptm/m/n/12 N. Cour-tois.  100 years of crypt-anal-y-sis: Com-po-si-tions
 of per-mu-
 []


Underfull \hbox (badness 2818) in paragraph at lines 206--212
\OT1/ptm/m/n/12 ta-tions.  []$\OT1/pcr/m/n/12 http : / / www . nicolascourtois 
. com / papers / code _
 []

[140]
Underfull \hbox (badness 3579) in paragraph at lines 219--222
[]\OT1/ptm/m/n/12 N. Cour-tois.  Al-ge-braic crypt-anal-y-sis soft-ware,.  []$\
OT1/pcr/m/n/12 http : / / www .
 []


Underfull \hbox (badness 10000) in paragraph at lines 235--239
[]\OT1/ptm/m/n/12 N. Cour-tois.  Ba-sic equa-tion solv-ing tool-box -
 []

Missing character: There is no ¬ in font ptmr7t!
Missing character: There is no î in font ptmr7t!

Underfull \hbox (badness 1558) in paragraph at lines 251--256
[]\OT1/ptm/m/n/12 N. Cour-tois.  Al-ge-braic at-tacks vs. de-sign of block and 
stream ci-
 []


Underfull \hbox (badness 2452) in paragraph at lines 251--256
\OT1/ptm/m/it/12 Col-lege Lon-don\OT1/ptm/m/n/12 . []$\OT1/pcr/m/n/12 http : / 
/ www . nicolascourtois . com / papers /
 []

Missing character: There is no ‚ in font ptmr7t!
Missing character: There is no Ä in font ptmr7t!
Missing character: There is no ì in font ptmr7t!

Underfull \hbox (badness 2452) in paragraph at lines 258--264
\OT1/ptm/m/it/12 Col-lege Lon-don\OT1/ptm/m/n/12 . []$\OT1/pcr/m/n/12 http : / 
/ www . nicolascourtois . com / papers /
 []


Underfull \hbox (badness 2452) in paragraph at lines 266--271
\OT1/ptm/m/it/12 Col-lege Lon-don\OT1/ptm/m/n/12 . []$\OT1/pcr/m/n/12 http : / 
/ www . nicolascourtois . com / papers /
 []

[141]
Underfull \hbox (badness 3557) in paragraph at lines 309--313
[]\OT1/ptm/m/n/12 N. Cour-tois, T. Mourouzis, and G. Song.  Ref-er-ence im-ple-
men-
 []


Underfull \hbox (badness 4328) in paragraph at lines 309--313
\OT1/ptm/m/n/12 ta-tion of si-mon and speck and a ba-sic gen-er-a-tor of equa-t
ions -
 []

[142] [143]
Missing character: There is no ‚ in font ptmr7t!
Missing character: There is no Ä in font ptmr7t!
Missing character: There is no ô in font ptmr7t!
Missing character: There is no ‚ in font ptmri7t!
Missing character: There is no Ä in font ptmri7t!
Missing character: There is no ô in font ptmri7t!
Missing character: There is no ‚ in font ptmri7t!
Missing character: There is no Ä in font ptmri7t!
Missing character: There is no î in font ptmri7t!
 [144] [145]
Overfull \hbox (93.62808pt too wide) in paragraph at lines 536--541
\OT1/pcr/m/n/12 elliptic-[]curve-[]discrete-[]logarithm-[]problem-[]in-[]charac
teristic-[]two$[]\OT1/ptm/m/n/12 ,
 []

Missing character: There is no ‚ in font ptmr7t!
Missing character: There is no Ä in font ptmr7t!
Missing character: There is no ú in font ptmr7t!
Missing character: There is no ‚ in font ptmri7t!
Missing character: There is no Ä in font ptmri7t!
Missing character: There is no ù in font ptmri7t!
[146]
Missing character: There is no ‚ in font ptmr7t!
Missing character: There is no Ä in font ptmr7t!
Missing character: There is no ô in font ptmr7t!
 [147]
Missing character: There is no ‚ in font ptmri7t!
Missing character: There is no Ä in font ptmri7t!
Missing character: There is no î in font ptmri7t!
Missing character: There is no ‚ in font ptmri7t!
Missing character: There is no Ä in font ptmri7t!
Missing character: There is no ô in font ptmri7t!
Missing character: There is no ‚ in font ptmri7t!
Missing character: There is no Ä in font ptmri7t!
Missing character: There is no î in font ptmri7t!
Missing character: There is no ‚ in font ptmri7t!
Missing character: There is no Ä in font ptmri7t!
Missing character: There is no ô in font ptmri7t!
Missing character: There is no ‚ in font ptmri7t!
Missing character: There is no Ä in font ptmri7t!
Missing character: There is no î in font ptmri7t!
Missing character: There is no ‚ in font ptmr7t!
Missing character: There is no Ä in font ptmr7t!
Missing character: There is no î in font ptmr7t!
 [148]
Missing character: There is no ‚ in font ptmri7t!
Missing character: There is no Ä in font ptmri7t!
Missing character: There is no î in font ptmri7t!
Missing character: There is no ‚ in font ptmri7t!
Missing character: There is no Ä in font ptmri7t!
Missing character: There is no ô in font ptmri7t!
Missing character: There is no ‚ in font ptmri7t!
Missing character: There is no Ä in font ptmri7t!
Missing character: There is no î in font ptmri7t!
Missing character: There is no ‚ in font ptmri7t!
Missing character: There is no Ä in font ptmri7t!
Missing character: There is no ô in font ptmri7t!
Missing character: There is no ‚ in font ptmr7t!
Missing character: There is no Ä in font ptmr7t!
Missing character: There is no ù in font ptmr7t!

Underfull \hbox (badness 10000) in paragraph at lines 729--734
[]\OT1/ptm/m/n/12 NSA.  Cnsa suite and quan-tum com-put-ing faq.  "[]$\OT1/pcr/
m/n/12 https :
 []


Underfull \hbox (badness 10000) in paragraph at lines 729--734
\OT1/pcr/m/n/12 / / www . iad . gov / iad / library / ia-[]guidance /
 []


Underfull \hbox (badness 10000) in paragraph at lines 729--734
\OT1/pcr/m/n/12 ia-[]solutions-[]for-[]classified / algorithm-[]guidance /
 []

Missing character: There is no ‚ in font ptmr7t!
Missing character: There is no Ä in font ptmr7t!
Missing character: There is no ù in font ptmr7t!

Underfull \hbox (badness 10000) in paragraph at lines 736--741
\OT1/pcr/m/n/12 nist . gov / nistpubs / SpecialPublications / NIST . SP .
 []

Missing character: There is no ‚ in font ptmr7t!
Missing character: There is no Ä in font ptmr7t!
Missing character: There is no î in font ptmr7t!
[149] [150] [151] [152])

Package nag Warning: Package times is obsolete.
(nag)                Use the mathptmx, helvet (option scaled=.9), courier packa
ges instead.


Package nag Warning: 25 complaints in total.

[153]
Package atveryend Info: Empty hook `BeforeClearDocument' on input line 164.
Package atveryend Info: Empty hook `AfterLastShipout' on input line 164.
 (./Main.aux (./Preamble.aux) (./Introduction.aux) (./Chapter2.aux)
(./Chapter3.aux) (./Chapter4.aux) (./Chapter5.aux) (./Chapter6.aux)
(./Chapter7.aux) (./Conclusions.aux) (./Appendices.aux))
Package atveryend Info: Executing hook `AtVeryEndDocument' on input line 164.
Package atveryend Info: Executing hook `AtEndAfterFileList' on input line 164.
Package rerunfilecheck Info: File `Main.out' has not changed.
(rerunfilecheck)             Checksum: F5C146C8C2CEBBCAFE205D74623C81DA;7119.
 ) 
Here is how much of TeX's memory you used:
 20738 strings out of 493014
 372677 string characters out of 6133350
 461876 words of memory out of 5000000
 22862 multiletter control sequences out of 15000+600000
 87270 words of font info for 196 fonts, out of 8000000 for 9000
 1141 hyphenation exceptions out of 8191
 57i,17n,54p,1903b,591s stack positions out of 5000i,500n,10000p,200000b,80000s
pdfTeX warning (dest): name{cite.Andersen2015} has been referenced but does n
ot exist, replaced by a fixed one

pdfTeX warning (dest): name{cite.DavidHunduson2015} has been referenced but doe
s not exist, replaced by a fixed one

pdfTeX warning (dest): name{cite.cohen1998efficient} has been referenced but do
es not exist, replaced by a fixed one

pdfTeX warning (dest): name{cite.explicitBernstein} has been referenced but doe
s not exist, replaced by a fixed one

pdfTeX warning (dest): name{cite.bernstein2007explicit} has been referenced but
 does not exist, replaced by a fixed one

pdfTeX warning (dest): name{cite.bernstein2007faster} has been referenced but d
oes not exist, replaced by a fixed one

pdfTeX warning (dest): name{cite.brier2002weierstrass} has been referenced but 
does not exist, replaced by a fixed one

pdfTeX warning (dest): name{cite.brickell1993fast} has been referenced but does
 not exist, replaced by a fixed one

pdfTeX warning (dest): name{cite.CourtoisSoftware} has been referenced but does
 not exist, replaced by a fixed one

pdfTeX warning (dest): name{cite.AlgteachElimLinLab} has been referenced but do
es not exist, replaced by a fixed one

pdfTeX warning (dest): name{cite.ToyRijSer} has been referenced but does not ex
ist, replaced by a fixed one

pdfTeX warning (dest): name{cite.FastAlg2} has been referenced but does not exi
st, replaced by a fixed one

pdfTeX warning (dest): name{cite.FastAlg} has been referenced but does not exis
t, replaced by a fixed one

pdfTeX warning (dest): name{cite.SlidesAlgAllteach} has been referenced but doe
s not exist, replaced by a fixed one

pdfTeX warning (dest): name{cite.semaev} has been referenced but does not exist
, replaced by a fixed one

pdfTeX warning (dest): name{cite.EquationSolving} has been referenced but does 
not exist, replaced by a fixed one

pdfTeX warning (dest): name{cite.SongSimonSpeckGithub} has been referenced but 
does not exist, replaced by a fixed one

pdfTeX warning (dest): name{cite.minisat} has been referenced but does not exis
t, replaced by a fixed one

pdfTeX warning (dest): name{cite.CryptoMiniSat} has been referenced but does no
t exist, replaced by a fixed one

pdfTeX warning (dest): name{cite.SemaevSparseJournalPaper} has been referenced 
but does not exist, replaced by a fixed one

pdfTeX warning (dest): name{cite.BardCourtoiJeffersonConv} has been referenced 
but does not exist, replaced by a fixed one

pdfTeX warning (dest): name{cite.RyanDefcon} has been referenced but does not e
xist, replaced by a fixed one

pdfTeX warning (dest): name{cite.certicom2000sec} has been referenced but does 
not exist, replaced by a fixed one

pdfTeX warning (dest): name{cite.nakamoto2008bitcoin} has been referenced but d
oes not exist, replaced by a fixed one

pdfTeX warning (dest): name{cite.ansi2005x9} has been referenced but does not e
xist, replaced by a fixed one

pdfTeX warning (dest): name{cite.ieee2000ieee} has been referenced but does not
 exist, replaced by a fixed one

pdfTeX warning (dest): name{cite.fips2000186} has been referenced but does not 
exist, replaced by a fixed one

pdfTeX warning (dest): name{cite.johnson2001elliptic} has been referenced but d
oes not exist, replaced by a fixed one

pdfTeX warning (dest): name{cite.lenstra2001selecting} has been referenced but 
does not exist, replaced by a fixed one

pdfTeX warning (dest): name{cite.bernstein2009ebacs} has been referenced but do
es not exist, replaced by a fixed one

pdfTeX warning (dest): name{cite.miller1985use} has been referenced but does no
t exist, replaced by a fixed one

pdfTeX warning (dest): name{cite.koblitz1987elliptic} has been referenced but d
oes not exist, replaced by a fixed one

pdfTeX warning (dest): name{cite.CourtoisECCPost2015} has been referenced but d
oes not exist, replaced by a fixed one

pdfTeX warning (dest): name{cite.StevenECDLP2015} has been referenced but does 
not exist, replaced by a fixed one

pdfTeX warning (dest): name{cite.cryptoeprint:2016:704} has been referenced but
 does not exist, replaced by a fixed one

pdfTeX warning (dest): name{cite.huang2013improvement} has been referenced but 
does not exist, replaced by a fixed one

pdfTeX warning (dest): name{cite.petit2012polynomial} has been referenced but d
oes not exist, replaced by a fixed one

pdfTeX warning (dest): name{cite.faugere2012improving} has been referenced but 
does not exist, replaced by a fixed one

pdfTeX warning (dest): name{cite.faugere2014using} has been referenced but does
 not exist, replaced by a fixed one

pdfTeX warning (dest): name{cite.gaudry2004index} has been referenced but does 
not exist, replaced by a fixed one

pdfTeX warning (dest): name{cite.diem2011discrete} has been referenced but does
 not exist, replaced by a fixed one

pdfTeX warning (dest): name{cite.kosters2015notes} has been referenced but does
 not exist, replaced by a fixed one

pdfTeX warning (dest): name{cite.petit2016algebraic} has been referenced but do
es not exist, replaced by a fixed one

pdfTeX warning (dest): name{cite.barker2006recommendation} has been referenced 
but does not exist, replaced by a fixed one

pdfTeX warning (dest): name{cite.elgamal1985public} has been referenced but doe
s not exist, replaced by a fixed one

pdfTeX warning (dest): name{cite.rivest1978method} has been referenced but does
 not exist, replaced by a fixed one

pdfTeX warning (dest): name{cite.IEEEP1363} has been referenced but does not ex
ist, replaced by a fixed one

pdfTeX warning (dest): name{cite.balasubramanian1998improbability} has been ref
erenced but does not exist, replaced by a fixed one

pdfTeX warning (dest): name{cite.raddum2006new} has been referenced but does no
t exist, replaced by a fixed one

pdfTeX warning (dest): name{cite.SIMON5} has been referenced but does not exist
, replaced by a fixed one

pdfTeX warning (dest): name{cite.SIMON4} has been referenced but does not exist
, replaced by a fixed one

pdfTeX warning (dest): name{cite.SIMON6} has been referenced but does not exist
, replaced by a fixed one

pdfTeX warning (dest): name{cite.simon1} has been referenced but does not exist
, replaced by a fixed one

pdfTeX warning (dest): name{cite.BoyarPeraltaMCMethodAES} has been referenced b
ut does not exist, replaced by a fixed one

pdfTeX warning (dest): name{cite.simoneff} has been referenced but does not exi
st, replaced by a fixed one

pdfTeX warning (dest): name{cite.simonref} has been referenced but does not exi
st, replaced by a fixed one

pdfTeX warning (dest): name{cite.Piccolo} has been referenced but does not exis
t, replaced by a fixed one

pdfTeX warning (dest): name{cite.PRESENT} has been referenced but does not exis
t, replaced by a fixed one

pdfTeX warning (dest): name{cite.mCrypton} has been referenced but does not exi
st, replaced by a fixed one

pdfTeX warning (dest): name{cite.LED} has been referenced but does not exist, r
eplaced by a fixed one

pdfTeX warning (dest): name{cite.HIGHT} has been referenced but does not exist,
 replaced by a fixed one

pdfTeX warning (dest): name{cite.ICEBERG} has been referenced but does not exis
t, replaced by a fixed one

pdfTeX warning (dest): name{cite.KLEIN} has been referenced but does not exist,
 replaced by a fixed one

pdfTeX warning (dest): name{cite.KATAN} has been referenced but does not exist,
 replaced by a fixed one

pdfTeX warning (dest): name{cite.BoyarPeraltaMCBoolean} has been referenced but
 does not exist, replaced by a fixed one

pdfTeX warning (dest): name{cite.BoyarPeraltaMCMethod} has been referenced but 
does not exist, replaced by a fixed one

pdfTeX warning (dest): name{cite.OptimiPaper} has been referenced but does not 
exist, replaced by a fixed one

pdfTeX warning (dest): name{cite.gostdcpp1} has been referenced but does not ex
ist, replaced by a fixed one

pdfTeX warning (dest): name{cite.gostlow8r} has been referenced but does not ex
ist, replaced by a fixed one

pdfTeX warning (dest): name{cite.DunkelmanImprovedGOST8R} has been referenced b
ut does not exist, replaced by a fixed one

pdfTeX warning (dest): name{cite.GOSTReflectionKara} has been referenced but do
es not exist, replaced by a fixed one

pdfTeX warning (dest): name{cite.JapaneseGOSTMITMFSE2011} has been referenced b
ut does not exist, replaced by a fixed one

pdfTeX warning (dest): name{cite.PoschmannImplement} has been referenced but do
es not exist, replaced by a fixed one

pdfTeX warning (dest): name{cite.GOSTRussianReferenceImplementation} has been r
eferenced but does not exist, replaced by a fixed one

pdfTeX warning (dest): name{cite.schneier2007applied} has been referenced but d
oes not exist, replaced by a fixed one

pdfTeX warning (dest): name{cite.CourtoisBlockEnigmaSlides} has been referenced
 but does not exist, replaced by a fixed one

pdfTeX warning (dest): name{cite.AlgSnowCourtoisDebraize} has been referenced b
ut does not exist, replaced by a fixed one

pdfTeX warning (dest): name{cite.gostreport} has been referenced but does not e
xist, replaced by a fixed one

pdfTeX warning (dest): name{cite.suvsil2016selection} has been referenced but d
oes not exist, replaced by a fixed one

pdfTeX warning (dest): name{cite.dinur2009cube} has been referenced but does no
t exist, replaced by a fixed one

pdfTeX warning (dest): name{cite.pasalic2009probabilistic} has been referenced 
but does not exist, replaced by a fixed one

pdfTeX warning (dest): name{cite.OptimiPaper2} has been referenced but does not
 exist, replaced by a fixed one

pdfTeX warning (dest): name{cite.FourMNL} has been referenced but does not exis
t, replaced by a fixed one

pdfTeX warning (dest): name{cite.nakahara2009linear} has been referenced but do
es not exist, replaced by a fixed one

pdfTeX warning (dest): name{cite.RaddumSimon} has been referenced but does not 
exist, replaced by a fixed one

pdfTeX warning (dest): name{cite.courtois2014combined} has been referenced but 
does not exist, replaced by a fixed one

pdfTeX warning (dest): name{cite.DoSemiRegularSequencesExist} has been referenc
ed but does not exist, replaced by a fixed one

pdfTeX warning (dest): name{cite.Bardet} has been referenced but does not exist
, replaced by a fixed one

pdfTeX warning (dest): name{cite.XLAsEstCourt04} has been referenced but does n
ot exist, replaced by a fixed one

pdfTeX warning (dest): name{cite.XL2} has been referenced but does not exist, r
eplaced by a fixed one

pdfTeX warning (dest): name{cite.ElimLinUniversalEqs} has been referenced but d
oes not exist, replaced by a fixed one

pdfTeX warning (dest): name{cite.ElimLinRevisit} has been referenced but does n
ot exist, replaced by a fixed one

pdfTeX warning (dest): name{cite.courtois2008algebraic} has been referenced but
 does not exist, replaced by a fixed one

pdfTeX warning (dest): name{cite.courtois2009practical} has been referenced but
 does not exist, replaced by a fixed one

pdfTeX warning (dest): name{cite.soos2009extending} has been referenced but doe
s not exist, replaced by a fixed one

pdfTeX warning (dest): name{cite.erickson2010algebraic} has been referenced but
 does not exist, replaced by a fixed one

pdfTeX warning (dest): name{cite.bard2010algebraic} has been referenced but doe
s not exist, replaced by a fixed one

pdfTeX warning (dest): name{cite.courtois2012contradiction} has been referenced
 but does not exist, replaced by a fixed one

pdfTeX warning (dest): name{cite.courtois2008algebraicKeeLoq} has been referenc
ed but does not exist, replaced by a fixed one

pdfTeX warning (dest): name{cite.DEScourtois} has been referenced but does not 
exist, replaced by a fixed one

pdfTeX warning (dest): name{cite.grobner} has been referenced but does not exis
t, replaced by a fixed one

pdfTeX warning (dest): name{cite.bard2007efficient} has been referenced but doe
s not exist, replaced by a fixed one

pdfTeX warning (dest): name{cite.courtois2007algebraicDES} has been referenced 
but does not exist, replaced by a fixed one

pdfTeX warning (dest): name{cite.courtois2002cryptanalysis} has been referenced
 but does not exist, replaced by a fixed one

pdfTeX warning (dest): name{cite.sepehrdad2012statistical} has been referenced 
but does not exist, replaced by a fixed one

pdfTeX warning (dest): name{cite.XL} has been referenced but does not exist, re
placed by a fixed one

pdfTeX warning (dest): name{cite.faugere1999new} has been referenced but does n
ot exist, replaced by a fixed one

pdfTeX warning (dest): name{cite.fraenkel1980complexity} has been referenced bu
t does not exist, replaced by a fixed one

pdfTeX warning (dest): name{cite.cryptoeprint:2015:310} has been referenced but
 does not exist, replaced by a fixed one

pdfTeX warning (dest): name{cite.semaev2004summation} has been referenced but d
oes not exist, replaced by a fixed one

pdfTeX warning (dest): name{cite.Shannon} has been referenced but does not exis
t, replaced by a fixed one

pdfTeX warning (dest): name{cite.courtois2015can} has been referenced but does 
not exist, replaced by a fixed one

pdfTeX warning (dest): name{cite.TheoPhD} has been referenced but does not exis
t, replaced by a fixed one

pdfTeX warning (dest): name{cite.gostdc2} has been referenced but does not exis
t, replaced by a fixed one

pdfTeX warning (dest): name{cite.hong2003differential} has been referenced but 
does not exist, replaced by a fixed one

pdfTeX warning (dest): name{cite.sugita2001security} has been referenced but do
es not exist, replaced by a fixed one

pdfTeX warning (dest): name{cite.Knudsen95} has been referenced but does not ex
ist, replaced by a fixed one

pdfTeX warning (dest): name{cite.secrypt09} has been referenced but does not ex
ist, replaced by a fixed one

pdfTeX warning (dest): name{cite.simon2} has been referenced but does not exist
, replaced by a fixed one

pdfTeX warning (dest): name{cite.simon3} has been referenced but does not exist
, replaced by a fixed one

pdfTeX warning (dest): name{cite.gostdc1} has been referenced but does not exis
t, replaced by a fixed one

pdfTeX warning (dest): name{cite.gostdc0} has been referenced but does not exis
t, replaced by a fixed one

pdfTeX warning (dest): name{cite.massey1994safer} has been referenced but does 
not exist, replaced by a fixed one

pdfTeX warning (dest): name{cite.knudsen1993cryptanalysis} has been referenced 
but does not exist, replaced by a fixed one

pdfTeX warning (dest): name{cite.courtois2003s} has been referenced but does no
t exist, replaced by a fixed one

pdfTeX warning (dest): name{cite.coppersmith2000development} has been reference
d but does not exist, replaced by a fixed one

pdfTeX warning (dest): name{cite.coppersmith1994data} has been referenced but d
oes not exist, replaced by a fixed one

pdfTeX warning (dest): name{cite.biham1993differential} has been referenced but
 does not exist, replaced by a fixed one

pdfTeX warning (dest): name{cite.courtois2004feistel} has been referenced but d
oes not exist, replaced by a fixed one

pdfTeX warning (dest): name{cite.brown1990loki} has been referenced but does no
t exist, replaced by a fixed one

pdfTeX warning (dest): name{cite.kilian1996protect} has been referenced but doe
s not exist, replaced by a fixed one

pdfTeX warning (dest): name{cite.kaliski1994linear} has been referenced but doe
s not exist, replaced by a fixed one

pdfTeX warning (dest): name{cite.matsui1993new} has been referenced but does no
t exist, replaced by a fixed one

pdfTeX warning (dest): name{cite.tardy1991known} has been referenced but does n
ot exist, replaced by a fixed one

pdfTeX warning (dest): name{cite.matsui1994linear} has been referenced but does
 not exist, replaced by a fixed one

pdfTeX warning (dest): name{cite.huang2014effective} has been referenced but do
es not exist, replaced by a fixed one

pdfTeX warning (dest): name{cite.courtois2013cryptanalysis} has been referenced
 but does not exist, replaced by a fixed one

pdfTeX warning (dest): name{cite.gostac} has been referenced but does not exist
, replaced by a fixed one

pdfTeX warning (dest): name{cite.bouillaguet2012low} has been referenced but do
es not exist, replaced by a fixed one

pdfTeX warning (dest): name{cite.knudsen1994block} has been referenced but does
 not exist, replaced by a fixed one

pdfTeX warning (dest): name{cite.schneier1996applied} has been referenced but d
oes not exist, replaced by a fixed one

pdfTeX warning (dest): name{cite.SlidesCompSec} has been referenced but does no
t exist, replaced by a fixed one

pdfTeX warning (dest): name{cite.schneier2006beyond} has been referenced but do
es not exist, replaced by a fixed one

pdfTeX warning (dest): name{cite.shannon1949communication} has been referenced 
but does not exist, replaced by a fixed one

pdfTeX warning (dest): name{cite.pub197746} has been referenced but does not ex
ist, replaced by a fixed one

pdfTeX warning (dest): name{cite.feistel1973cryptography} has been referenced b
ut does not exist, replaced by a fixed one

pdfTeX warning (dest): name{cite.davies1989security} has been referenced but do
es not exist, replaced by a fixed one

pdfTeX warning (dest): name{cite.robling1982cryptography} has been referenced b
ut does not exist, replaced by a fixed one

pdfTeX warning (dest): name{cite.knudsen1998block} has been referenced but does
 not exist, replaced by a fixed one

pdfTeX warning (dest): name{cite.NSA16} has been referenced but does not exist,
 replaced by a fixed one

pdfTeX warning (dest): name{cite.delfs2002introduction} has been referenced but
 does not exist, replaced by a fixed one

pdfTeX warning (dest): name{cite.cramer2003design} has been referenced but does
 not exist, replaced by a fixed one

pdfTeX warning (dest): name{cite.simmons1992contemporary} has been referenced b
ut does not exist, replaced by a fixed one

pdfTeX warning (dest): name{cite.PrCryEngCourtois} has been referenced but does
 not exist, replaced by a fixed one

pdfTeX warning (dest): name{cite.vasek2016bitcoin} has been referenced but does
 not exist, replaced by a fixed one

pdfTeX warning (dest): name{cite.ElimLinR} has been referenced but does not exi
st, replaced by a fixed one

pdfTeX warning (dest): name{cite.NSAciphers} has been referenced but does not e
xist, replaced by a fixed one

pdfTeX warning (dest): name{cite.gost198928147} has been referenced but does no
t exist, replaced by a fixed one

pdfTeX warning (dest): name{cite.kahn1996codebreakers} has been referenced but 
does not exist, replaced by a fixed one

pdfTeX warning (dest): name{cite.brown2001software} has been referenced but doe
s not exist, replaced by a fixed one

pdfTeX warning (dest): name{cite.hankerson2006guide} has been referenced but do
es not exist, replaced by a fixed one

pdfTeX warning (dest): name{cite.Wulliesecp256k1} has been referenced but does 
not exist, replaced by a fixed one

pdfTeX warning (dest): name{cite.NSA16key} has been referenced but does not exi
st, replaced by a fixed one

{/usr/local/texlive/2016/texmf-dist/fonts/enc/dvips/base/8r.enc}</usr/local/tex
live/2016/texmf-dist/fonts/type1/public/amsfonts/cm/cmex10.pfb></usr/local/texl
ive/2016/texmf-dist/fonts/type1/public/amsfonts/cm/cmmi10.pfb></usr/local/texli
ve/2016/texmf-dist/fonts/type1/public/amsfonts/cm/cmr10.pfb></usr/local/texlive
/2016/texmf-dist/fonts/type1/public/amsfonts/cm/cmsy10.pfb></usr/local/texlive/
2016/texmf-dist/fonts/type1/public/amsfonts/cm/cmtt12.pfb></usr/local/texlive/2
016/texmf-dist/fonts/type1/public/amsfonts/symbols/msam10.pfb></usr/local/texli
ve/2016/texmf-dist/fonts/type1/public/amsfonts/symbols/msbm10.pfb></usr/local/t
exlive/2016/texmf-dist/fonts/type1/public/rsfs/rsfs10.pfb></usr/local/texlive/2
016/texmf-dist/fonts/type1/urw/courier/ucrr8a.pfb></usr/local/texlive/2016/texm
f-dist/fonts/type1/urw/symbol/usyr.pfb></usr/local/texlive/2016/texmf-dist/font
s/type1/urw/symbol/usyr.pfb></usr/local/texlive/2016/texmf-dist/fonts/type1/urw
/times/utmb8a.pfb></usr/local/texlive/2016/texmf-dist/fonts/type1/urw/times/utm
bi8a.pfb></usr/local/texlive/2016/texmf-dist/fonts/type1/urw/times/utmr8a.pfb><
/usr/local/texlive/2016/texmf-dist/fonts/type1/urw/times/utmr8a.pfb></usr/local
/texlive/2016/texmf-dist/fonts/type1/urw/times/utmri8a.pfb>
Output written on Main.pdf (153 pages, 1798544 bytes).
PDF statistics:
 2656 PDF objects out of 2984 (max. 8388607)
 2400 compressed objects within 24 object streams
 839 named destinations out of 1000 (max. 500000)
 906 words of extra memory for PDF output out of 10000 (max. 10000000)

